#! /usr/local/bin/vvp
:ivl_version "13.0 (devel)" "(s20221226-498-g52d049b51)";
:ivl_delay_selection "TYPICAL";
:vpi_time_precision + 0;
:vpi_module "/usr/local/lib/ivl/system.vpi";
:vpi_module "/usr/local/lib/ivl/vhdl_sys.vpi";
:vpi_module "/usr/local/lib/ivl/vhdl_textio.vpi";
:vpi_module "/usr/local/lib/ivl/v2005_math.vpi";
:vpi_module "/usr/local/lib/ivl/va_math.vpi";
S_0x55fc1d51d170 .scope module, "add" "add" 2 2;
 .timescale 0 0;
    .port_info 0 /INPUT 4 "a";
    .port_info 1 /INPUT 4 "b";
    .port_info 2 /OUTPUT 4 "s";
    .port_info 3 /OUTPUT 1 "ovf";
P_0x55fc1d548970 .param/l "N" 0 2 2, +C4<00000000000000000000000000000100>;
L_0x7fc194e98018 .functor BUFT 1, C4<0>, C4<0>, C4<0>, C4<0>;
v0x55fc1d593070_0 .net/2s *"_ivl_32", 0 0, L_0x7fc194e98018;  1 drivers
o0x7fc194ee1a08 .functor BUFZ 4, c4<zzzz>; HiZ drive
v0x55fc1d593170_0 .net "a", 3 0, o0x7fc194ee1a08;  0 drivers
o0x7fc194ee1a38 .functor BUFZ 4, c4<zzzz>; HiZ drive
v0x55fc1d593250_0 .net "b", 3 0, o0x7fc194ee1a38;  0 drivers
v0x55fc1d593310_0 .net "c", 4 0, L_0x55fc1d5b09a0;  1 drivers
v0x55fc1d5933f0_0 .net "ovf", 0 0, L_0x55fc1d5b0c50;  1 drivers
v0x55fc1d593500_0 .net "s", 3 0, L_0x55fc1d5b0900;  1 drivers
L_0x55fc1d5af030 .part o0x7fc194ee1a08, 0, 1;
L_0x55fc1d5af0d0 .part o0x7fc194ee1a38, 0, 1;
L_0x55fc1d5af170 .part L_0x55fc1d5b09a0, 0, 1;
L_0x55fc1d5af740 .part o0x7fc194ee1a08, 1, 1;
L_0x55fc1d5af860 .part o0x7fc194ee1a38, 1, 1;
L_0x55fc1d5af950 .part L_0x55fc1d5b09a0, 1, 1;
L_0x55fc1d5afec0 .part o0x7fc194ee1a08, 2, 1;
L_0x55fc1d5aff60 .part o0x7fc194ee1a38, 2, 1;
L_0x55fc1d5b0050 .part L_0x55fc1d5b09a0, 2, 1;
L_0x55fc1d5b0530 .part o0x7fc194ee1a08, 3, 1;
L_0x55fc1d5b0630 .part o0x7fc194ee1a38, 3, 1;
L_0x55fc1d5b0760 .part L_0x55fc1d5b09a0, 3, 1;
L_0x55fc1d5b0900 .concat8 [ 1 1 1 1], L_0x55fc1d5aed70, L_0x55fc1d5af480, L_0x55fc1d5afc00, L_0x55fc1d5b0270;
LS_0x55fc1d5b09a0_0_0 .concat8 [ 1 1 1 1], L_0x7fc194e98018, L_0x55fc1d5aef20, L_0x55fc1d5af630, L_0x55fc1d5afdb0;
LS_0x55fc1d5b09a0_0_4 .concat8 [ 1 0 0 0], L_0x55fc1d5b0420;
L_0x55fc1d5b09a0 .concat8 [ 4 1 0 0], LS_0x55fc1d5b09a0_0_0, LS_0x55fc1d5b09a0_0_4;
L_0x55fc1d5b0c50 .part L_0x55fc1d5b09a0, 4, 1;
S_0x55fc1d5804b0 .scope generate, "genblk1[0]" "genblk1[0]" 2 11, 2 11 0, S_0x55fc1d51d170;
 .timescale 0 0;
P_0x55fc1d53a2a0 .param/l "i" 1 2 11, +C4<00>;
S_0x55fc1d571de0 .scope module, "u1" "fa" 2 12, 3 1 0, S_0x55fc1d5804b0;
 .timescale 0 0;
    .port_info 0 /INPUT 1 "a";
    .port_info 1 /INPUT 1 "b";
    .port_info 2 /INPUT 1 "cin";
    .port_info 3 /OUTPUT 1 "s";
    .port_info 4 /OUTPUT 1 "cout";
L_0x55fc1d5aeb30 .functor XOR 1, L_0x55fc1d5af030, L_0x55fc1d5af0d0, C4<0>, C4<0>;
L_0x55fc1d5aec30 .functor AND 1, L_0x55fc1d5af030, L_0x55fc1d5af0d0, C4<1>, C4<1>;
L_0x55fc1d5aed70 .functor XOR 1, L_0x55fc1d5aeb30, L_0x55fc1d5af170, C4<0>, C4<0>;
L_0x55fc1d5aee30 .functor AND 1, L_0x55fc1d5af170, L_0x55fc1d5aeb30, C4<1>, C4<1>;
L_0x55fc1d5aef20 .functor OR 1, L_0x55fc1d5aec30, L_0x55fc1d5aee30, C4<0>, C4<0>;
v0x55fc1d582100_0 .net *"_ivl_6", 0 0, L_0x55fc1d5aee30;  1 drivers
v0x55fc1d565c50_0 .net "a", 0 0, L_0x55fc1d5af030;  1 drivers
v0x55fc1d557580_0 .net "b", 0 0, L_0x55fc1d5af0d0;  1 drivers
v0x55fc1d548e30_0 .net "cin", 0 0, L_0x55fc1d5af170;  1 drivers
v0x55fc1d53a760_0 .net "cout", 0 0, L_0x55fc1d5aef20;  1 drivers
v0x55fc1d52c090_0 .net "g", 0 0, L_0x55fc1d5aec30;  1 drivers
v0x55fc1d51d880_0 .net "p", 0 0, L_0x55fc1d5aeb30;  1 drivers
v0x55fc1d5908f0_0 .net "s", 0 0, L_0x55fc1d5aed70;  1 drivers
S_0x55fc1d590a50 .scope generate, "genblk1[1]" "genblk1[1]" 2 11, 2 11 0, S_0x55fc1d51d170;
 .timescale 0 0;
P_0x55fc1d590c70 .param/l "i" 1 2 11, +C4<01>;
S_0x55fc1d590d30 .scope module, "u1" "fa" 2 12, 3 1 0, S_0x55fc1d590a50;
 .timescale 0 0;
    .port_info 0 /INPUT 1 "a";
    .port_info 1 /INPUT 1 "b";
    .port_info 2 /INPUT 1 "cin";
    .port_info 3 /OUTPUT 1 "s";
    .port_info 4 /OUTPUT 1 "cout";
L_0x55fc1d5af240 .functor XOR 1, L_0x55fc1d5af740, L_0x55fc1d5af860, C4<0>, C4<0>;
L_0x55fc1d5af340 .functor AND 1, L_0x55fc1d5af740, L_0x55fc1d5af860, C4<1>, C4<1>;
L_0x55fc1d5af480 .functor XOR 1, L_0x55fc1d5af240, L_0x55fc1d5af950, C4<0>, C4<0>;
L_0x55fc1d5af540 .functor AND 1, L_0x55fc1d5af950, L_0x55fc1d5af240, C4<1>, C4<1>;
L_0x55fc1d5af630 .functor OR 1, L_0x55fc1d5af340, L_0x55fc1d5af540, C4<0>, C4<0>;
v0x55fc1d590fc0_0 .net *"_ivl_6", 0 0, L_0x55fc1d5af540;  1 drivers
v0x55fc1d5910c0_0 .net "a", 0 0, L_0x55fc1d5af740;  1 drivers
v0x55fc1d591180_0 .net "b", 0 0, L_0x55fc1d5af860;  1 drivers
v0x55fc1d591250_0 .net "cin", 0 0, L_0x55fc1d5af950;  1 drivers
v0x55fc1d591310_0 .net "cout", 0 0, L_0x55fc1d5af630;  1 drivers
v0x55fc1d591420_0 .net "g", 0 0, L_0x55fc1d5af340;  1 drivers
v0x55fc1d5914e0_0 .net "p", 0 0, L_0x55fc1d5af240;  1 drivers
v0x55fc1d5915a0_0 .net "s", 0 0, L_0x55fc1d5af480;  1 drivers
S_0x55fc1d591700 .scope generate, "genblk1[2]" "genblk1[2]" 2 11, 2 11 0, S_0x55fc1d51d170;
 .timescale 0 0;
P_0x55fc1d591900 .param/l "i" 1 2 11, +C4<010>;
S_0x55fc1d5919c0 .scope module, "u1" "fa" 2 12, 3 1 0, S_0x55fc1d591700;
 .timescale 0 0;
    .port_info 0 /INPUT 1 "a";
    .port_info 1 /INPUT 1 "b";
    .port_info 2 /INPUT 1 "cin";
    .port_info 3 /OUTPUT 1 "s";
    .port_info 4 /OUTPUT 1 "cout";
L_0x55fc1d5afa80 .functor XOR 1, L_0x55fc1d5afec0, L_0x55fc1d5aff60, C4<0>, C4<0>;
L_0x55fc1d5afaf0 .functor AND 1, L_0x55fc1d5afec0, L_0x55fc1d5aff60, C4<1>, C4<1>;
L_0x55fc1d5afc00 .functor XOR 1, L_0x55fc1d5afa80, L_0x55fc1d5b0050, C4<0>, C4<0>;
L_0x55fc1d5afcc0 .functor AND 1, L_0x55fc1d5b0050, L_0x55fc1d5afa80, C4<1>, C4<1>;
L_0x55fc1d5afdb0 .functor OR 1, L_0x55fc1d5afaf0, L_0x55fc1d5afcc0, C4<0>, C4<0>;
v0x55fc1d591c80_0 .net *"_ivl_6", 0 0, L_0x55fc1d5afcc0;  1 drivers
v0x55fc1d591d80_0 .net "a", 0 0, L_0x55fc1d5afec0;  1 drivers
v0x55fc1d591e40_0 .net "b", 0 0, L_0x55fc1d5aff60;  1 drivers
v0x55fc1d591f10_0 .net "cin", 0 0, L_0x55fc1d5b0050;  1 drivers
v0x55fc1d591fd0_0 .net "cout", 0 0, L_0x55fc1d5afdb0;  1 drivers
v0x55fc1d5920e0_0 .net "g", 0 0, L_0x55fc1d5afaf0;  1 drivers
v0x55fc1d5921a0_0 .net "p", 0 0, L_0x55fc1d5afa80;  1 drivers
v0x55fc1d592260_0 .net "s", 0 0, L_0x55fc1d5afc00;  1 drivers
S_0x55fc1d5923c0 .scope generate, "genblk1[3]" "genblk1[3]" 2 11, 2 11 0, S_0x55fc1d51d170;
 .timescale 0 0;
P_0x55fc1d5925c0 .param/l "i" 1 2 11, +C4<011>;
S_0x55fc1d5926a0 .scope module, "u1" "fa" 2 12, 3 1 0, S_0x55fc1d5923c0;
 .timescale 0 0;
    .port_info 0 /INPUT 1 "a";
    .port_info 1 /INPUT 1 "b";
    .port_info 2 /INPUT 1 "cin";
    .port_info 3 /OUTPUT 1 "s";
    .port_info 4 /OUTPUT 1 "cout";
L_0x55fc1d5b00f0 .functor XOR 1, L_0x55fc1d5b0530, L_0x55fc1d5b0630, C4<0>, C4<0>;
L_0x55fc1d5b0160 .functor AND 1, L_0x55fc1d5b0530, L_0x55fc1d5b0630, C4<1>, C4<1>;
L_0x55fc1d5b0270 .functor XOR 1, L_0x55fc1d5b00f0, L_0x55fc1d5b0760, C4<0>, C4<0>;
L_0x55fc1d5b0330 .functor AND 1, L_0x55fc1d5b0760, L_0x55fc1d5b00f0, C4<1>, C4<1>;
L_0x55fc1d5b0420 .functor OR 1, L_0x55fc1d5b0160, L_0x55fc1d5b0330, C4<0>, C4<0>;
v0x55fc1d592930_0 .net *"_ivl_6", 0 0, L_0x55fc1d5b0330;  1 drivers
v0x55fc1d592a30_0 .net "a", 0 0, L_0x55fc1d5b0530;  1 drivers
v0x55fc1d592af0_0 .net "b", 0 0, L_0x55fc1d5b0630;  1 drivers
v0x55fc1d592bc0_0 .net "cin", 0 0, L_0x55fc1d5b0760;  1 drivers
v0x55fc1d592c80_0 .net "cout", 0 0, L_0x55fc1d5b0420;  1 drivers
v0x55fc1d592d90_0 .net "g", 0 0, L_0x55fc1d5b0160;  1 drivers
v0x55fc1d592e50_0 .net "p", 0 0, L_0x55fc1d5b00f0;  1 drivers
v0x55fc1d592f10_0 .net "s", 0 0, L_0x55fc1d5b0270;  1 drivers
S_0x55fc1d50ed10 .scope module, "cla_tb" "cla_tb" 4 1;
 .timescale 0 0;
P_0x55fc1d52b970 .param/l "N" 0 4 2, +C4<00000000000000000000000000100000>;
v0x55fc1d5ae7b0_0 .var "a", 31 0;
v0x55fc1d5ae890_0 .var "b", 31 0;
v0x55fc1d5ae960_0 .net "ovf", 0 0, L_0x55fc1d5cc1c0;  1 drivers
v0x55fc1d5aea60_0 .net "s", 31 0, L_0x55fc1d5cb8a0;  1 drivers
S_0x55fc1d593660 .scope module, "uut" "cla_add" 4 6, 5 2 0, S_0x55fc1d50ed10;
 .timescale 0 0;
    .port_info 0 /INPUT 32 "a";
    .port_info 1 /INPUT 32 "b";
    .port_info 2 /OUTPUT 32 "s";
    .port_info 3 /OUTPUT 1 "ovf";
P_0x55fc1d593860 .param/l "N" 0 5 2, +C4<00000000000000000000000000100000>;
L_0x7fc194e98060 .functor BUFT 1, C4<0>, C4<0>, C4<0>, C4<0>;
v0x55fc1d5ae210_0 .net/2s *"_ivl_60", 0 0, L_0x7fc194e98060;  1 drivers
v0x55fc1d5ae310_0 .net "a", 31 0, v0x55fc1d5ae7b0_0;  1 drivers
v0x55fc1d5ae3f0_0 .net "b", 31 0, v0x55fc1d5ae890_0;  1 drivers
v0x55fc1d5ae4b0_0 .net "c", 8 0, L_0x55fc1d5cbf00;  1 drivers
v0x55fc1d5ae590_0 .net "ovf", 0 0, L_0x55fc1d5cc1c0;  alias, 1 drivers
v0x55fc1d5ae650_0 .net "s", 31 0, L_0x55fc1d5cb8a0;  alias, 1 drivers
L_0x55fc1d5b3fe0 .part v0x55fc1d5ae7b0_0, 0, 4;
L_0x55fc1d5b40d0 .part v0x55fc1d5ae890_0, 0, 4;
L_0x55fc1d5b41c0 .part L_0x55fc1d5cbf00, 0, 1;
L_0x55fc1d5b7730 .part v0x55fc1d5ae7b0_0, 4, 4;
L_0x55fc1d5b7800 .part v0x55fc1d5ae890_0, 4, 4;
L_0x55fc1d5b78a0 .part L_0x55fc1d5cbf00, 1, 1;
L_0x55fc1d5bae70 .part v0x55fc1d5ae7b0_0, 8, 4;
L_0x55fc1d5bafa0 .part v0x55fc1d5ae890_0, 8, 4;
L_0x55fc1d5bb120 .part L_0x55fc1d5cbf00, 2, 1;
L_0x55fc1d5be5c0 .part v0x55fc1d5ae7b0_0, 12, 4;
L_0x55fc1d5be660 .part v0x55fc1d5ae890_0, 12, 4;
L_0x55fc1d5be700 .part L_0x55fc1d5cbf00, 3, 1;
L_0x55fc1d5c1b40 .part v0x55fc1d5ae7b0_0, 16, 4;
L_0x55fc1d5c1be0 .part v0x55fc1d5ae890_0, 16, 4;
L_0x55fc1d5c1c80 .part L_0x55fc1d5cbf00, 4, 1;
L_0x55fc1d5c5070 .part v0x55fc1d5ae7b0_0, 20, 4;
L_0x55fc1d5c51a0 .part v0x55fc1d5ae890_0, 20, 4;
L_0x55fc1d5c5240 .part L_0x55fc1d5cbf00, 5, 1;
L_0x55fc1d5c8630 .part v0x55fc1d5ae7b0_0, 24, 4;
L_0x55fc1d5c87e0 .part v0x55fc1d5ae890_0, 24, 4;
L_0x55fc1d5c52e0 .part L_0x55fc1d5cbf00, 6, 1;
L_0x55fc1d5cb800 .part v0x55fc1d5ae7b0_0, 28, 4;
L_0x55fc1d5c8990 .part v0x55fc1d5ae890_0, 28, 4;
L_0x55fc1d5cb960 .part L_0x55fc1d5cbf00, 7, 1;
LS_0x55fc1d5cb8a0_0_0 .concat8 [ 4 4 4 4], L_0x55fc1d5b2b90, L_0x55fc1d5b62e0, L_0x55fc1d5b9a20, L_0x55fc1d5bd170;
LS_0x55fc1d5cb8a0_0_4 .concat8 [ 4 4 4 4], L_0x55fc1d5c06f0, L_0x55fc1d5c3c20, L_0x55fc1d5c71e0, L_0x55fc1d5ca810;
L_0x55fc1d5cb8a0 .concat8 [ 16 16 0 0], LS_0x55fc1d5cb8a0_0_0, LS_0x55fc1d5cb8a0_0_4;
LS_0x55fc1d5cbf00_0_0 .concat8 [ 1 1 1 1], L_0x7fc194e98060, L_0x55fc1d5b38e0, L_0x55fc1d5b7030, L_0x55fc1d5ba770;
LS_0x55fc1d5cbf00_0_4 .concat8 [ 1 1 1 1], L_0x55fc1d5bdec0, L_0x55fc1d5c1440, L_0x55fc1d5c4970, L_0x55fc1d5c7f30;
LS_0x55fc1d5cbf00_0_8 .concat8 [ 1 0 0 0], L_0x55fc1d5cb040;
L_0x55fc1d5cbf00 .concat8 [ 4 4 1 0], LS_0x55fc1d5cbf00_0_0, LS_0x55fc1d5cbf00_0_4, LS_0x55fc1d5cbf00_0_8;
L_0x55fc1d5cc1c0 .part L_0x55fc1d5cbf00, 8, 1;
S_0x55fc1d593930 .scope generate, "genblk1[0]" "genblk1[0]" 5 11, 5 11 0, S_0x55fc1d593660;
 .timescale 0 0;
P_0x55fc1d593b50 .param/l "i" 1 5 11, +C4<00>;
S_0x55fc1d593c30 .scope module, "u1" "cla" 5 12, 6 1 0, S_0x55fc1d593930;
 .timescale 0 0;
    .port_info 0 /INPUT 4 "a";
    .port_info 1 /INPUT 4 "b";
    .port_info 2 /INPUT 1 "cin";
    .port_info 3 /OUTPUT 4 "sum";
    .port_info 4 /OUTPUT 1 "cout";
L_0x55fc1d5b0890 .functor XOR 1, L_0x55fc1d5b0cf0, L_0x55fc1d5b0d90, C4<0>, C4<0>;
L_0x55fc1d5b10b0 .functor XOR 1, L_0x55fc1d5b0ed0, L_0x55fc1d5b0fc0, C4<0>, C4<0>;
L_0x55fc1d5b1340 .functor XOR 1, L_0x55fc1d5b11c0, L_0x55fc1d5b1260, C4<0>, C4<0>;
L_0x55fc1d5b1700 .functor XOR 1, L_0x55fc1d5b1450, L_0x55fc1d5b1580, C4<0>, C4<0>;
L_0x55fc1d5b1940 .functor AND 1, L_0x55fc1d5b17a0, L_0x55fc1d5b1840, C4<1>, C4<1>;
L_0x55fc1d5b1bb0 .functor AND 1, L_0x55fc1d5b1a00, L_0x55fc1d5b1aa0, C4<1>, C4<1>;
L_0x55fc1d5b1b40 .functor AND 1, L_0x55fc1d5b1d30, L_0x55fc1d5b1dd0, C4<1>, C4<1>;
L_0x55fc1d5b2160 .functor AND 1, L_0x55fc1d5b1f90, L_0x55fc1d5b2030, C4<1>, C4<1>;
L_0x55fc1d5b22f0 .functor AND 1, L_0x55fc1d5b0890, L_0x55fc1d5b41c0, C4<1>, C4<1>;
L_0x55fc1d5b23b0 .functor OR 1, L_0x55fc1d5b1940, L_0x55fc1d5b22f0, C4<0>, C4<0>;
L_0x55fc1d5b2520 .functor AND 1, L_0x55fc1d5b0890, L_0x55fc1d5b41c0, C4<1>, C4<1>;
L_0x55fc1d5b2590 .functor OR 1, L_0x55fc1d5b1940, L_0x55fc1d5b2520, C4<0>, C4<0>;
L_0x55fc1d5b26c0 .functor AND 1, L_0x55fc1d5b10b0, L_0x55fc1d5b2590, C4<1>, C4<1>;
L_0x55fc1d5b27d0 .functor OR 1, L_0x55fc1d5b1bb0, L_0x55fc1d5b26c0, C4<0>, C4<0>;
L_0x55fc1d5b2650 .functor AND 1, L_0x55fc1d5b0890, L_0x55fc1d5b41c0, C4<1>, C4<1>;
L_0x55fc1d5b2960 .functor OR 1, L_0x55fc1d5b1940, L_0x55fc1d5b2650, C4<0>, C4<0>;
L_0x55fc1d5b2a60 .functor AND 1, L_0x55fc1d5b10b0, L_0x55fc1d5b2960, C4<1>, C4<1>;
L_0x55fc1d5b2ad0 .functor OR 1, L_0x55fc1d5b1bb0, L_0x55fc1d5b2a60, C4<0>, C4<0>;
L_0x55fc1d5b2c30 .functor AND 1, L_0x55fc1d5b1340, L_0x55fc1d5b2ad0, C4<1>, C4<1>;
L_0x55fc1d5b2d40 .functor OR 1, L_0x55fc1d5b1b40, L_0x55fc1d5b2c30, C4<0>, C4<0>;
L_0x55fc1d5b2f00 .functor AND 1, L_0x55fc1d5b0890, L_0x55fc1d5b41c0, C4<1>, C4<1>;
L_0x55fc1d5b2f70 .functor OR 1, L_0x55fc1d5b1940, L_0x55fc1d5b2f00, C4<0>, C4<0>;
L_0x55fc1d5b30a0 .functor AND 1, L_0x55fc1d5b10b0, L_0x55fc1d5b2f70, C4<1>, C4<1>;
L_0x55fc1d5b31a0 .functor OR 1, L_0x55fc1d5b1bb0, L_0x55fc1d5b30a0, C4<0>, C4<0>;
L_0x55fc1d5b3370 .functor AND 1, L_0x55fc1d5b1340, L_0x55fc1d5b31a0, C4<1>, C4<1>;
L_0x55fc1d5b3430 .functor OR 1, L_0x55fc1d5b1b40, L_0x55fc1d5b3370, C4<0>, C4<0>;
L_0x55fc1d5b35d0 .functor AND 1, L_0x55fc1d5b1700, L_0x55fc1d5b3430, C4<1>, C4<1>;
L_0x55fc1d5b36e0 .functor OR 1, L_0x55fc1d5b2160, L_0x55fc1d5b35d0, C4<0>, C4<0>;
L_0x55fc1d5b38e0 .functor BUFZ 1, L_0x55fc1d5b36e0, C4<0>, C4<0>, C4<0>;
L_0x55fc1d5b39a0 .functor XOR 1, L_0x55fc1d5b0890, L_0x55fc1d5b41c0, C4<0>, C4<0>;
L_0x55fc1d5b3b10 .functor XOR 1, L_0x55fc1d5b10b0, L_0x55fc1d5b23b0, C4<0>, C4<0>;
L_0x55fc1d5b3bd0 .functor XOR 1, L_0x55fc1d5b1340, L_0x55fc1d5b27d0, C4<0>, C4<0>;
L_0x55fc1d5b3ed0 .functor XOR 1, L_0x55fc1d5b1700, L_0x55fc1d5b2d40, C4<0>, C4<0>;
v0x55fc1d593ef0_0 .net *"_ivl_1", 0 0, L_0x55fc1d5b0cf0;  1 drivers
v0x55fc1d593ff0_0 .net *"_ivl_100", 0 0, L_0x55fc1d5b3bd0;  1 drivers
v0x55fc1d5940d0_0 .net *"_ivl_105", 0 0, L_0x55fc1d5b3ed0;  1 drivers
v0x55fc1d5941c0_0 .net *"_ivl_13", 0 0, L_0x55fc1d5b11c0;  1 drivers
v0x55fc1d5942a0_0 .net *"_ivl_15", 0 0, L_0x55fc1d5b1260;  1 drivers
v0x55fc1d5943d0_0 .net *"_ivl_19", 0 0, L_0x55fc1d5b1450;  1 drivers
v0x55fc1d5944b0_0 .net *"_ivl_21", 0 0, L_0x55fc1d5b1580;  1 drivers
v0x55fc1d594590_0 .net *"_ivl_25", 0 0, L_0x55fc1d5b17a0;  1 drivers
v0x55fc1d594670_0 .net *"_ivl_27", 0 0, L_0x55fc1d5b1840;  1 drivers
v0x55fc1d5947e0_0 .net *"_ivl_3", 0 0, L_0x55fc1d5b0d90;  1 drivers
v0x55fc1d5948c0_0 .net *"_ivl_31", 0 0, L_0x55fc1d5b1a00;  1 drivers
v0x55fc1d5949a0_0 .net *"_ivl_33", 0 0, L_0x55fc1d5b1aa0;  1 drivers
v0x55fc1d594a80_0 .net *"_ivl_37", 0 0, L_0x55fc1d5b1d30;  1 drivers
v0x55fc1d594b60_0 .net *"_ivl_39", 0 0, L_0x55fc1d5b1dd0;  1 drivers
v0x55fc1d594c40_0 .net *"_ivl_43", 0 0, L_0x55fc1d5b1f90;  1 drivers
v0x55fc1d594d20_0 .net *"_ivl_45", 0 0, L_0x55fc1d5b2030;  1 drivers
v0x55fc1d594e00_0 .net *"_ivl_48", 0 0, L_0x55fc1d5b22f0;  1 drivers
v0x55fc1d594ee0_0 .net *"_ivl_52", 0 0, L_0x55fc1d5b2520;  1 drivers
v0x55fc1d594fc0_0 .net *"_ivl_54", 0 0, L_0x55fc1d5b2590;  1 drivers
v0x55fc1d5950a0_0 .net *"_ivl_56", 0 0, L_0x55fc1d5b26c0;  1 drivers
v0x55fc1d595180_0 .net *"_ivl_60", 0 0, L_0x55fc1d5b2650;  1 drivers
v0x55fc1d595260_0 .net *"_ivl_62", 0 0, L_0x55fc1d5b2960;  1 drivers
v0x55fc1d595340_0 .net *"_ivl_64", 0 0, L_0x55fc1d5b2a60;  1 drivers
v0x55fc1d595420_0 .net *"_ivl_66", 0 0, L_0x55fc1d5b2ad0;  1 drivers
v0x55fc1d595500_0 .net *"_ivl_68", 0 0, L_0x55fc1d5b2c30;  1 drivers
v0x55fc1d5955e0_0 .net *"_ivl_7", 0 0, L_0x55fc1d5b0ed0;  1 drivers
v0x55fc1d5956c0_0 .net *"_ivl_72", 0 0, L_0x55fc1d5b2f00;  1 drivers
v0x55fc1d5957a0_0 .net *"_ivl_74", 0 0, L_0x55fc1d5b2f70;  1 drivers
v0x55fc1d595880_0 .net *"_ivl_76", 0 0, L_0x55fc1d5b30a0;  1 drivers
v0x55fc1d595960_0 .net *"_ivl_78", 0 0, L_0x55fc1d5b31a0;  1 drivers
v0x55fc1d595a40_0 .net *"_ivl_80", 0 0, L_0x55fc1d5b3370;  1 drivers
v0x55fc1d595b20_0 .net *"_ivl_82", 0 0, L_0x55fc1d5b3430;  1 drivers
v0x55fc1d595c00_0 .net *"_ivl_84", 0 0, L_0x55fc1d5b35d0;  1 drivers
v0x55fc1d595ef0_0 .net *"_ivl_9", 0 0, L_0x55fc1d5b0fc0;  1 drivers
v0x55fc1d595fd0_0 .net *"_ivl_92", 0 0, L_0x55fc1d5b39a0;  1 drivers
v0x55fc1d5960b0_0 .net *"_ivl_96", 0 0, L_0x55fc1d5b3b10;  1 drivers
v0x55fc1d596190_0 .net "a", 3 0, L_0x55fc1d5b3fe0;  1 drivers
v0x55fc1d596270_0 .net "b", 3 0, L_0x55fc1d5b40d0;  1 drivers
v0x55fc1d596350_0 .net "c0", 0 0, L_0x55fc1d5b23b0;  1 drivers
v0x55fc1d596410_0 .net "c1", 0 0, L_0x55fc1d5b27d0;  1 drivers
v0x55fc1d5964d0_0 .net "c2", 0 0, L_0x55fc1d5b2d40;  1 drivers
v0x55fc1d596590_0 .net "c3", 0 0, L_0x55fc1d5b36e0;  1 drivers
v0x55fc1d596650_0 .net "cin", 0 0, L_0x55fc1d5b41c0;  1 drivers
v0x55fc1d596710_0 .net "cout", 0 0, L_0x55fc1d5b38e0;  1 drivers
v0x55fc1d5967d0_0 .net "g0", 0 0, L_0x55fc1d5b1940;  1 drivers
v0x55fc1d596890_0 .net "g1", 0 0, L_0x55fc1d5b1bb0;  1 drivers
v0x55fc1d596950_0 .net "g2", 0 0, L_0x55fc1d5b1b40;  1 drivers
v0x55fc1d596a10_0 .net "g3", 0 0, L_0x55fc1d5b2160;  1 drivers
v0x55fc1d596ad0_0 .net "p0", 0 0, L_0x55fc1d5b0890;  1 drivers
v0x55fc1d596b90_0 .net "p1", 0 0, L_0x55fc1d5b10b0;  1 drivers
v0x55fc1d596c50_0 .net "p2", 0 0, L_0x55fc1d5b1340;  1 drivers
v0x55fc1d596d10_0 .net "p3", 0 0, L_0x55fc1d5b1700;  1 drivers
v0x55fc1d596dd0_0 .net "sum", 3 0, L_0x55fc1d5b2b90;  1 drivers
L_0x55fc1d5b0cf0 .part L_0x55fc1d5b3fe0, 0, 1;
L_0x55fc1d5b0d90 .part L_0x55fc1d5b40d0, 0, 1;
L_0x55fc1d5b0ed0 .part L_0x55fc1d5b3fe0, 1, 1;
L_0x55fc1d5b0fc0 .part L_0x55fc1d5b40d0, 1, 1;
L_0x55fc1d5b11c0 .part L_0x55fc1d5b3fe0, 2, 1;
L_0x55fc1d5b1260 .part L_0x55fc1d5b40d0, 2, 1;
L_0x55fc1d5b1450 .part L_0x55fc1d5b3fe0, 3, 1;
L_0x55fc1d5b1580 .part L_0x55fc1d5b40d0, 3, 1;
L_0x55fc1d5b17a0 .part L_0x55fc1d5b3fe0, 0, 1;
L_0x55fc1d5b1840 .part L_0x55fc1d5b40d0, 0, 1;
L_0x55fc1d5b1a00 .part L_0x55fc1d5b3fe0, 1, 1;
L_0x55fc1d5b1aa0 .part L_0x55fc1d5b40d0, 1, 1;
L_0x55fc1d5b1d30 .part L_0x55fc1d5b3fe0, 2, 1;
L_0x55fc1d5b1dd0 .part L_0x55fc1d5b40d0, 2, 1;
L_0x55fc1d5b1f90 .part L_0x55fc1d5b3fe0, 3, 1;
L_0x55fc1d5b2030 .part L_0x55fc1d5b40d0, 3, 1;
L_0x55fc1d5b2b90 .concat8 [ 1 1 1 1], L_0x55fc1d5b39a0, L_0x55fc1d5b3b10, L_0x55fc1d5b3bd0, L_0x55fc1d5b3ed0;
S_0x55fc1d596f50 .scope generate, "genblk1[4]" "genblk1[4]" 5 11, 5 11 0, S_0x55fc1d593660;
 .timescale 0 0;
P_0x55fc1d597120 .param/l "i" 1 5 11, +C4<0100>;
S_0x55fc1d5971e0 .scope module, "u1" "cla" 5 12, 6 1 0, S_0x55fc1d596f50;
 .timescale 0 0;
    .port_info 0 /INPUT 4 "a";
    .port_info 1 /INPUT 4 "b";
    .port_info 2 /INPUT 1 "cin";
    .port_info 3 /OUTPUT 4 "sum";
    .port_info 4 /OUTPUT 1 "cout";
L_0x55fc1d5b43a0 .functor XOR 1, L_0x55fc1d5b4260, L_0x55fc1d5b4300, C4<0>, C4<0>;
L_0x55fc1d5b4690 .functor XOR 1, L_0x55fc1d5b44b0, L_0x55fc1d5b45a0, C4<0>, C4<0>;
L_0x55fc1d5b48e0 .functor XOR 1, L_0x55fc1d5b47a0, L_0x55fc1d5b4840, C4<0>, C4<0>;
L_0x55fc1d5b4ca0 .functor XOR 1, L_0x55fc1d5b49f0, L_0x55fc1d5b4b20, C4<0>, C4<0>;
L_0x55fc1d5b4ee0 .functor AND 1, L_0x55fc1d5b4d40, L_0x55fc1d5b4de0, C4<1>, C4<1>;
L_0x55fc1d5b5150 .functor AND 1, L_0x55fc1d5b4fa0, L_0x55fc1d5b5040, C4<1>, C4<1>;
L_0x55fc1d5b50e0 .functor AND 1, L_0x55fc1d5b5260, L_0x55fc1d5b5300, C4<1>, C4<1>;
L_0x55fc1d5b58b0 .functor AND 1, L_0x55fc1d5b54c0, L_0x55fc1d5b5670, C4<1>, C4<1>;
L_0x55fc1d5b5a40 .functor AND 1, L_0x55fc1d5b43a0, L_0x55fc1d5b78a0, C4<1>, C4<1>;
L_0x55fc1d5b5b00 .functor OR 1, L_0x55fc1d5b4ee0, L_0x55fc1d5b5a40, C4<0>, C4<0>;
L_0x55fc1d5b5c70 .functor AND 1, L_0x55fc1d5b43a0, L_0x55fc1d5b78a0, C4<1>, C4<1>;
L_0x55fc1d5b5ce0 .functor OR 1, L_0x55fc1d5b4ee0, L_0x55fc1d5b5c70, C4<0>, C4<0>;
L_0x55fc1d5b5e10 .functor AND 1, L_0x55fc1d5b4690, L_0x55fc1d5b5ce0, C4<1>, C4<1>;
L_0x55fc1d5b5f20 .functor OR 1, L_0x55fc1d5b5150, L_0x55fc1d5b5e10, C4<0>, C4<0>;
L_0x55fc1d5b5da0 .functor AND 1, L_0x55fc1d5b43a0, L_0x55fc1d5b78a0, C4<1>, C4<1>;
L_0x55fc1d5b60b0 .functor OR 1, L_0x55fc1d5b4ee0, L_0x55fc1d5b5da0, C4<0>, C4<0>;
L_0x55fc1d5b61b0 .functor AND 1, L_0x55fc1d5b4690, L_0x55fc1d5b60b0, C4<1>, C4<1>;
L_0x55fc1d5b6220 .functor OR 1, L_0x55fc1d5b5150, L_0x55fc1d5b61b0, C4<0>, C4<0>;
L_0x55fc1d5b6380 .functor AND 1, L_0x55fc1d5b48e0, L_0x55fc1d5b6220, C4<1>, C4<1>;
L_0x55fc1d5b6490 .functor OR 1, L_0x55fc1d5b50e0, L_0x55fc1d5b6380, C4<0>, C4<0>;
L_0x55fc1d5b6650 .functor AND 1, L_0x55fc1d5b43a0, L_0x55fc1d5b78a0, C4<1>, C4<1>;
L_0x55fc1d5b66c0 .functor OR 1, L_0x55fc1d5b4ee0, L_0x55fc1d5b6650, C4<0>, C4<0>;
L_0x55fc1d5b67f0 .functor AND 1, L_0x55fc1d5b4690, L_0x55fc1d5b66c0, C4<1>, C4<1>;
L_0x55fc1d5b68f0 .functor OR 1, L_0x55fc1d5b5150, L_0x55fc1d5b67f0, C4<0>, C4<0>;
L_0x55fc1d5b6ac0 .functor AND 1, L_0x55fc1d5b48e0, L_0x55fc1d5b68f0, C4<1>, C4<1>;
L_0x55fc1d5b6b80 .functor OR 1, L_0x55fc1d5b50e0, L_0x55fc1d5b6ac0, C4<0>, C4<0>;
L_0x55fc1d5b6d20 .functor AND 1, L_0x55fc1d5b4ca0, L_0x55fc1d5b6b80, C4<1>, C4<1>;
L_0x55fc1d5b6e30 .functor OR 1, L_0x55fc1d5b58b0, L_0x55fc1d5b6d20, C4<0>, C4<0>;
L_0x55fc1d5b7030 .functor BUFZ 1, L_0x55fc1d5b6e30, C4<0>, C4<0>, C4<0>;
L_0x55fc1d5b70f0 .functor XOR 1, L_0x55fc1d5b43a0, L_0x55fc1d5b78a0, C4<0>, C4<0>;
L_0x55fc1d5b7260 .functor XOR 1, L_0x55fc1d5b4690, L_0x55fc1d5b5b00, C4<0>, C4<0>;
L_0x55fc1d5b7320 .functor XOR 1, L_0x55fc1d5b48e0, L_0x55fc1d5b5f20, C4<0>, C4<0>;
L_0x55fc1d5b7620 .functor XOR 1, L_0x55fc1d5b4ca0, L_0x55fc1d5b6490, C4<0>, C4<0>;
v0x55fc1d597470_0 .net *"_ivl_1", 0 0, L_0x55fc1d5b4260;  1 drivers
v0x55fc1d597570_0 .net *"_ivl_100", 0 0, L_0x55fc1d5b7320;  1 drivers
v0x55fc1d597650_0 .net *"_ivl_105", 0 0, L_0x55fc1d5b7620;  1 drivers
v0x55fc1d597740_0 .net *"_ivl_13", 0 0, L_0x55fc1d5b47a0;  1 drivers
v0x55fc1d597820_0 .net *"_ivl_15", 0 0, L_0x55fc1d5b4840;  1 drivers
v0x55fc1d597950_0 .net *"_ivl_19", 0 0, L_0x55fc1d5b49f0;  1 drivers
v0x55fc1d597a30_0 .net *"_ivl_21", 0 0, L_0x55fc1d5b4b20;  1 drivers
v0x55fc1d597b10_0 .net *"_ivl_25", 0 0, L_0x55fc1d5b4d40;  1 drivers
v0x55fc1d597bf0_0 .net *"_ivl_27", 0 0, L_0x55fc1d5b4de0;  1 drivers
v0x55fc1d597cd0_0 .net *"_ivl_3", 0 0, L_0x55fc1d5b4300;  1 drivers
v0x55fc1d597db0_0 .net *"_ivl_31", 0 0, L_0x55fc1d5b4fa0;  1 drivers
v0x55fc1d597e90_0 .net *"_ivl_33", 0 0, L_0x55fc1d5b5040;  1 drivers
v0x55fc1d597f70_0 .net *"_ivl_37", 0 0, L_0x55fc1d5b5260;  1 drivers
v0x55fc1d598050_0 .net *"_ivl_39", 0 0, L_0x55fc1d5b5300;  1 drivers
v0x55fc1d598130_0 .net *"_ivl_43", 0 0, L_0x55fc1d5b54c0;  1 drivers
v0x55fc1d598210_0 .net *"_ivl_45", 0 0, L_0x55fc1d5b5670;  1 drivers
v0x55fc1d5982f0_0 .net *"_ivl_48", 0 0, L_0x55fc1d5b5a40;  1 drivers
v0x55fc1d5983d0_0 .net *"_ivl_52", 0 0, L_0x55fc1d5b5c70;  1 drivers
v0x55fc1d5984b0_0 .net *"_ivl_54", 0 0, L_0x55fc1d5b5ce0;  1 drivers
v0x55fc1d598590_0 .net *"_ivl_56", 0 0, L_0x55fc1d5b5e10;  1 drivers
v0x55fc1d598670_0 .net *"_ivl_60", 0 0, L_0x55fc1d5b5da0;  1 drivers
v0x55fc1d598750_0 .net *"_ivl_62", 0 0, L_0x55fc1d5b60b0;  1 drivers
v0x55fc1d598830_0 .net *"_ivl_64", 0 0, L_0x55fc1d5b61b0;  1 drivers
v0x55fc1d598910_0 .net *"_ivl_66", 0 0, L_0x55fc1d5b6220;  1 drivers
v0x55fc1d5989f0_0 .net *"_ivl_68", 0 0, L_0x55fc1d5b6380;  1 drivers
v0x55fc1d598ad0_0 .net *"_ivl_7", 0 0, L_0x55fc1d5b44b0;  1 drivers
v0x55fc1d598bb0_0 .net *"_ivl_72", 0 0, L_0x55fc1d5b6650;  1 drivers
v0x55fc1d598c90_0 .net *"_ivl_74", 0 0, L_0x55fc1d5b66c0;  1 drivers
v0x55fc1d598d70_0 .net *"_ivl_76", 0 0, L_0x55fc1d5b67f0;  1 drivers
v0x55fc1d598e50_0 .net *"_ivl_78", 0 0, L_0x55fc1d5b68f0;  1 drivers
v0x55fc1d598f30_0 .net *"_ivl_80", 0 0, L_0x55fc1d5b6ac0;  1 drivers
v0x55fc1d599010_0 .net *"_ivl_82", 0 0, L_0x55fc1d5b6b80;  1 drivers
v0x55fc1d5990f0_0 .net *"_ivl_84", 0 0, L_0x55fc1d5b6d20;  1 drivers
v0x55fc1d5993e0_0 .net *"_ivl_9", 0 0, L_0x55fc1d5b45a0;  1 drivers
v0x55fc1d5994c0_0 .net *"_ivl_92", 0 0, L_0x55fc1d5b70f0;  1 drivers
v0x55fc1d5995a0_0 .net *"_ivl_96", 0 0, L_0x55fc1d5b7260;  1 drivers
v0x55fc1d599680_0 .net "a", 3 0, L_0x55fc1d5b7730;  1 drivers
v0x55fc1d599760_0 .net "b", 3 0, L_0x55fc1d5b7800;  1 drivers
v0x55fc1d599840_0 .net "c0", 0 0, L_0x55fc1d5b5b00;  1 drivers
v0x55fc1d599900_0 .net "c1", 0 0, L_0x55fc1d5b5f20;  1 drivers
v0x55fc1d5999c0_0 .net "c2", 0 0, L_0x55fc1d5b6490;  1 drivers
v0x55fc1d599a80_0 .net "c3", 0 0, L_0x55fc1d5b6e30;  1 drivers
v0x55fc1d599b40_0 .net "cin", 0 0, L_0x55fc1d5b78a0;  1 drivers
v0x55fc1d599c00_0 .net "cout", 0 0, L_0x55fc1d5b7030;  1 drivers
v0x55fc1d599cc0_0 .net "g0", 0 0, L_0x55fc1d5b4ee0;  1 drivers
v0x55fc1d599d80_0 .net "g1", 0 0, L_0x55fc1d5b5150;  1 drivers
v0x55fc1d599e40_0 .net "g2", 0 0, L_0x55fc1d5b50e0;  1 drivers
v0x55fc1d599f00_0 .net "g3", 0 0, L_0x55fc1d5b58b0;  1 drivers
v0x55fc1d599fc0_0 .net "p0", 0 0, L_0x55fc1d5b43a0;  1 drivers
v0x55fc1d59a080_0 .net "p1", 0 0, L_0x55fc1d5b4690;  1 drivers
v0x55fc1d59a140_0 .net "p2", 0 0, L_0x55fc1d5b48e0;  1 drivers
v0x55fc1d59a200_0 .net "p3", 0 0, L_0x55fc1d5b4ca0;  1 drivers
v0x55fc1d59a2c0_0 .net "sum", 3 0, L_0x55fc1d5b62e0;  1 drivers
L_0x55fc1d5b4260 .part L_0x55fc1d5b7730, 0, 1;
L_0x55fc1d5b4300 .part L_0x55fc1d5b7800, 0, 1;
L_0x55fc1d5b44b0 .part L_0x55fc1d5b7730, 1, 1;
L_0x55fc1d5b45a0 .part L_0x55fc1d5b7800, 1, 1;
L_0x55fc1d5b47a0 .part L_0x55fc1d5b7730, 2, 1;
L_0x55fc1d5b4840 .part L_0x55fc1d5b7800, 2, 1;
L_0x55fc1d5b49f0 .part L_0x55fc1d5b7730, 3, 1;
L_0x55fc1d5b4b20 .part L_0x55fc1d5b7800, 3, 1;
L_0x55fc1d5b4d40 .part L_0x55fc1d5b7730, 0, 1;
L_0x55fc1d5b4de0 .part L_0x55fc1d5b7800, 0, 1;
L_0x55fc1d5b4fa0 .part L_0x55fc1d5b7730, 1, 1;
L_0x55fc1d5b5040 .part L_0x55fc1d5b7800, 1, 1;
L_0x55fc1d5b5260 .part L_0x55fc1d5b7730, 2, 1;
L_0x55fc1d5b5300 .part L_0x55fc1d5b7800, 2, 1;
L_0x55fc1d5b54c0 .part L_0x55fc1d5b7730, 3, 1;
L_0x55fc1d5b5670 .part L_0x55fc1d5b7800, 3, 1;
L_0x55fc1d5b62e0 .concat8 [ 1 1 1 1], L_0x55fc1d5b70f0, L_0x55fc1d5b7260, L_0x55fc1d5b7320, L_0x55fc1d5b7620;
S_0x55fc1d59a440 .scope generate, "genblk1[8]" "genblk1[8]" 5 11, 5 11 0, S_0x55fc1d593660;
 .timescale 0 0;
P_0x55fc1d59a5f0 .param/l "i" 1 5 11, +C4<01000>;
S_0x55fc1d59a6b0 .scope module, "u1" "cla" 5 12, 6 1 0, S_0x55fc1d59a440;
 .timescale 0 0;
    .port_info 0 /INPUT 4 "a";
    .port_info 1 /INPUT 4 "b";
    .port_info 2 /INPUT 1 "cin";
    .port_info 3 /OUTPUT 4 "sum";
    .port_info 4 /OUTPUT 1 "cout";
L_0x55fc1d5b7ad0 .functor XOR 1, L_0x55fc1d5b7990, L_0x55fc1d5b7a30, C4<0>, C4<0>;
L_0x55fc1d5b7dc0 .functor XOR 1, L_0x55fc1d5b7be0, L_0x55fc1d5b7cd0, C4<0>, C4<0>;
L_0x55fc1d5b8050 .functor XOR 1, L_0x55fc1d5b7ed0, L_0x55fc1d5b7f70, C4<0>, C4<0>;
L_0x55fc1d5b8410 .functor XOR 1, L_0x55fc1d5b8160, L_0x55fc1d5b8290, C4<0>, C4<0>;
L_0x55fc1d5b8650 .functor AND 1, L_0x55fc1d5b84b0, L_0x55fc1d5b8550, C4<1>, C4<1>;
L_0x55fc1d5b88c0 .functor AND 1, L_0x55fc1d5b8710, L_0x55fc1d5b87b0, C4<1>, C4<1>;
L_0x55fc1d5b8850 .functor AND 1, L_0x55fc1d5b89d0, L_0x55fc1d5b8a70, C4<1>, C4<1>;
L_0x55fc1d5b9020 .functor AND 1, L_0x55fc1d5b8c30, L_0x55fc1d5b8de0, C4<1>, C4<1>;
L_0x55fc1d5b9180 .functor AND 1, L_0x55fc1d5b7ad0, L_0x55fc1d5bb120, C4<1>, C4<1>;
L_0x55fc1d5b9240 .functor OR 1, L_0x55fc1d5b8650, L_0x55fc1d5b9180, C4<0>, C4<0>;
L_0x55fc1d5b93b0 .functor AND 1, L_0x55fc1d5b7ad0, L_0x55fc1d5bb120, C4<1>, C4<1>;
L_0x55fc1d5b9420 .functor OR 1, L_0x55fc1d5b8650, L_0x55fc1d5b93b0, C4<0>, C4<0>;
L_0x55fc1d5b9550 .functor AND 1, L_0x55fc1d5b7dc0, L_0x55fc1d5b9420, C4<1>, C4<1>;
L_0x55fc1d5b9660 .functor OR 1, L_0x55fc1d5b88c0, L_0x55fc1d5b9550, C4<0>, C4<0>;
L_0x55fc1d5b94e0 .functor AND 1, L_0x55fc1d5b7ad0, L_0x55fc1d5bb120, C4<1>, C4<1>;
L_0x55fc1d5b97f0 .functor OR 1, L_0x55fc1d5b8650, L_0x55fc1d5b94e0, C4<0>, C4<0>;
L_0x55fc1d5b98f0 .functor AND 1, L_0x55fc1d5b7dc0, L_0x55fc1d5b97f0, C4<1>, C4<1>;
L_0x55fc1d5b9960 .functor OR 1, L_0x55fc1d5b88c0, L_0x55fc1d5b98f0, C4<0>, C4<0>;
L_0x55fc1d5b9ac0 .functor AND 1, L_0x55fc1d5b8050, L_0x55fc1d5b9960, C4<1>, C4<1>;
L_0x55fc1d5b9bd0 .functor OR 1, L_0x55fc1d5b8850, L_0x55fc1d5b9ac0, C4<0>, C4<0>;
L_0x55fc1d5b9d90 .functor AND 1, L_0x55fc1d5b7ad0, L_0x55fc1d5bb120, C4<1>, C4<1>;
L_0x55fc1d5b9e00 .functor OR 1, L_0x55fc1d5b8650, L_0x55fc1d5b9d90, C4<0>, C4<0>;
L_0x55fc1d5b9f30 .functor AND 1, L_0x55fc1d5b7dc0, L_0x55fc1d5b9e00, C4<1>, C4<1>;
L_0x55fc1d5ba030 .functor OR 1, L_0x55fc1d5b88c0, L_0x55fc1d5b9f30, C4<0>, C4<0>;
L_0x55fc1d5ba200 .functor AND 1, L_0x55fc1d5b8050, L_0x55fc1d5ba030, C4<1>, C4<1>;
L_0x55fc1d5ba2c0 .functor OR 1, L_0x55fc1d5b8850, L_0x55fc1d5ba200, C4<0>, C4<0>;
L_0x55fc1d5ba460 .functor AND 1, L_0x55fc1d5b8410, L_0x55fc1d5ba2c0, C4<1>, C4<1>;
L_0x55fc1d5ba570 .functor OR 1, L_0x55fc1d5b9020, L_0x55fc1d5ba460, C4<0>, C4<0>;
L_0x55fc1d5ba770 .functor BUFZ 1, L_0x55fc1d5ba570, C4<0>, C4<0>, C4<0>;
L_0x55fc1d5ba830 .functor XOR 1, L_0x55fc1d5b7ad0, L_0x55fc1d5bb120, C4<0>, C4<0>;
L_0x55fc1d5ba9a0 .functor XOR 1, L_0x55fc1d5b7dc0, L_0x55fc1d5b9240, C4<0>, C4<0>;
L_0x55fc1d5baa60 .functor XOR 1, L_0x55fc1d5b8050, L_0x55fc1d5b9660, C4<0>, C4<0>;
L_0x55fc1d5bad60 .functor XOR 1, L_0x55fc1d5b8410, L_0x55fc1d5b9bd0, C4<0>, C4<0>;
v0x55fc1d59a970_0 .net *"_ivl_1", 0 0, L_0x55fc1d5b7990;  1 drivers
v0x55fc1d59aa70_0 .net *"_ivl_100", 0 0, L_0x55fc1d5baa60;  1 drivers
v0x55fc1d59ab50_0 .net *"_ivl_105", 0 0, L_0x55fc1d5bad60;  1 drivers
v0x55fc1d59ac40_0 .net *"_ivl_13", 0 0, L_0x55fc1d5b7ed0;  1 drivers
v0x55fc1d59ad20_0 .net *"_ivl_15", 0 0, L_0x55fc1d5b7f70;  1 drivers
v0x55fc1d59ae50_0 .net *"_ivl_19", 0 0, L_0x55fc1d5b8160;  1 drivers
v0x55fc1d59af30_0 .net *"_ivl_21", 0 0, L_0x55fc1d5b8290;  1 drivers
v0x55fc1d59b010_0 .net *"_ivl_25", 0 0, L_0x55fc1d5b84b0;  1 drivers
v0x55fc1d59b0f0_0 .net *"_ivl_27", 0 0, L_0x55fc1d5b8550;  1 drivers
v0x55fc1d59b1d0_0 .net *"_ivl_3", 0 0, L_0x55fc1d5b7a30;  1 drivers
v0x55fc1d59b2b0_0 .net *"_ivl_31", 0 0, L_0x55fc1d5b8710;  1 drivers
v0x55fc1d59b390_0 .net *"_ivl_33", 0 0, L_0x55fc1d5b87b0;  1 drivers
v0x55fc1d59b470_0 .net *"_ivl_37", 0 0, L_0x55fc1d5b89d0;  1 drivers
v0x55fc1d59b550_0 .net *"_ivl_39", 0 0, L_0x55fc1d5b8a70;  1 drivers
v0x55fc1d59b630_0 .net *"_ivl_43", 0 0, L_0x55fc1d5b8c30;  1 drivers
v0x55fc1d59b710_0 .net *"_ivl_45", 0 0, L_0x55fc1d5b8de0;  1 drivers
v0x55fc1d59b7f0_0 .net *"_ivl_48", 0 0, L_0x55fc1d5b9180;  1 drivers
v0x55fc1d59b8d0_0 .net *"_ivl_52", 0 0, L_0x55fc1d5b93b0;  1 drivers
v0x55fc1d59b9b0_0 .net *"_ivl_54", 0 0, L_0x55fc1d5b9420;  1 drivers
v0x55fc1d59ba90_0 .net *"_ivl_56", 0 0, L_0x55fc1d5b9550;  1 drivers
v0x55fc1d59bb70_0 .net *"_ivl_60", 0 0, L_0x55fc1d5b94e0;  1 drivers
v0x55fc1d59bc50_0 .net *"_ivl_62", 0 0, L_0x55fc1d5b97f0;  1 drivers
v0x55fc1d59bd30_0 .net *"_ivl_64", 0 0, L_0x55fc1d5b98f0;  1 drivers
v0x55fc1d59be10_0 .net *"_ivl_66", 0 0, L_0x55fc1d5b9960;  1 drivers
v0x55fc1d59bef0_0 .net *"_ivl_68", 0 0, L_0x55fc1d5b9ac0;  1 drivers
v0x55fc1d59bfd0_0 .net *"_ivl_7", 0 0, L_0x55fc1d5b7be0;  1 drivers
v0x55fc1d59c0b0_0 .net *"_ivl_72", 0 0, L_0x55fc1d5b9d90;  1 drivers
v0x55fc1d59c190_0 .net *"_ivl_74", 0 0, L_0x55fc1d5b9e00;  1 drivers
v0x55fc1d59c270_0 .net *"_ivl_76", 0 0, L_0x55fc1d5b9f30;  1 drivers
v0x55fc1d59c350_0 .net *"_ivl_78", 0 0, L_0x55fc1d5ba030;  1 drivers
v0x55fc1d59c430_0 .net *"_ivl_80", 0 0, L_0x55fc1d5ba200;  1 drivers
v0x55fc1d59c510_0 .net *"_ivl_82", 0 0, L_0x55fc1d5ba2c0;  1 drivers
v0x55fc1d59c5f0_0 .net *"_ivl_84", 0 0, L_0x55fc1d5ba460;  1 drivers
v0x55fc1d59c8e0_0 .net *"_ivl_9", 0 0, L_0x55fc1d5b7cd0;  1 drivers
v0x55fc1d59c9c0_0 .net *"_ivl_92", 0 0, L_0x55fc1d5ba830;  1 drivers
v0x55fc1d59caa0_0 .net *"_ivl_96", 0 0, L_0x55fc1d5ba9a0;  1 drivers
v0x55fc1d59cb80_0 .net "a", 3 0, L_0x55fc1d5bae70;  1 drivers
v0x55fc1d59cc60_0 .net "b", 3 0, L_0x55fc1d5bafa0;  1 drivers
v0x55fc1d59cd40_0 .net "c0", 0 0, L_0x55fc1d5b9240;  1 drivers
v0x55fc1d59ce00_0 .net "c1", 0 0, L_0x55fc1d5b9660;  1 drivers
v0x55fc1d59cec0_0 .net "c2", 0 0, L_0x55fc1d5b9bd0;  1 drivers
v0x55fc1d59cf80_0 .net "c3", 0 0, L_0x55fc1d5ba570;  1 drivers
v0x55fc1d59d040_0 .net "cin", 0 0, L_0x55fc1d5bb120;  1 drivers
v0x55fc1d59d100_0 .net "cout", 0 0, L_0x55fc1d5ba770;  1 drivers
v0x55fc1d59d1c0_0 .net "g0", 0 0, L_0x55fc1d5b8650;  1 drivers
v0x55fc1d59d280_0 .net "g1", 0 0, L_0x55fc1d5b88c0;  1 drivers
v0x55fc1d59d340_0 .net "g2", 0 0, L_0x55fc1d5b8850;  1 drivers
v0x55fc1d59d400_0 .net "g3", 0 0, L_0x55fc1d5b9020;  1 drivers
v0x55fc1d59d4c0_0 .net "p0", 0 0, L_0x55fc1d5b7ad0;  1 drivers
v0x55fc1d59d580_0 .net "p1", 0 0, L_0x55fc1d5b7dc0;  1 drivers
v0x55fc1d59d640_0 .net "p2", 0 0, L_0x55fc1d5b8050;  1 drivers
v0x55fc1d59d700_0 .net "p3", 0 0, L_0x55fc1d5b8410;  1 drivers
v0x55fc1d59d7c0_0 .net "sum", 3 0, L_0x55fc1d5b9a20;  1 drivers
L_0x55fc1d5b7990 .part L_0x55fc1d5bae70, 0, 1;
L_0x55fc1d5b7a30 .part L_0x55fc1d5bafa0, 0, 1;
L_0x55fc1d5b7be0 .part L_0x55fc1d5bae70, 1, 1;
L_0x55fc1d5b7cd0 .part L_0x55fc1d5bafa0, 1, 1;
L_0x55fc1d5b7ed0 .part L_0x55fc1d5bae70, 2, 1;
L_0x55fc1d5b7f70 .part L_0x55fc1d5bafa0, 2, 1;
L_0x55fc1d5b8160 .part L_0x55fc1d5bae70, 3, 1;
L_0x55fc1d5b8290 .part L_0x55fc1d5bafa0, 3, 1;
L_0x55fc1d5b84b0 .part L_0x55fc1d5bae70, 0, 1;
L_0x55fc1d5b8550 .part L_0x55fc1d5bafa0, 0, 1;
L_0x55fc1d5b8710 .part L_0x55fc1d5bae70, 1, 1;
L_0x55fc1d5b87b0 .part L_0x55fc1d5bafa0, 1, 1;
L_0x55fc1d5b89d0 .part L_0x55fc1d5bae70, 2, 1;
L_0x55fc1d5b8a70 .part L_0x55fc1d5bafa0, 2, 1;
L_0x55fc1d5b8c30 .part L_0x55fc1d5bae70, 3, 1;
L_0x55fc1d5b8de0 .part L_0x55fc1d5bafa0, 3, 1;
L_0x55fc1d5b9a20 .concat8 [ 1 1 1 1], L_0x55fc1d5ba830, L_0x55fc1d5ba9a0, L_0x55fc1d5baa60, L_0x55fc1d5bad60;
S_0x55fc1d59d940 .scope generate, "genblk1[12]" "genblk1[12]" 5 11, 5 11 0, S_0x55fc1d593660;
 .timescale 0 0;
P_0x55fc1d59daf0 .param/l "i" 1 5 11, +C4<01100>;
S_0x55fc1d59dbd0 .scope module, "u1" "cla" 5 12, 6 1 0, S_0x55fc1d59d940;
 .timescale 0 0;
    .port_info 0 /INPUT 4 "a";
    .port_info 1 /INPUT 4 "b";
    .port_info 2 /INPUT 1 "cin";
    .port_info 3 /OUTPUT 4 "sum";
    .port_info 4 /OUTPUT 1 "cout";
L_0x55fc1d5bb300 .functor XOR 1, L_0x55fc1d5bb1c0, L_0x55fc1d5bb260, C4<0>, C4<0>;
L_0x55fc1d5bb580 .functor XOR 1, L_0x55fc1d5bb370, L_0x55fc1d5bb460, C4<0>, C4<0>;
L_0x55fc1d5bb7d0 .functor XOR 1, L_0x55fc1d5bb690, L_0x55fc1d5bb730, C4<0>, C4<0>;
L_0x55fc1d5bbb90 .functor XOR 1, L_0x55fc1d5bb8e0, L_0x55fc1d5bba10, C4<0>, C4<0>;
L_0x55fc1d5bbdd0 .functor AND 1, L_0x55fc1d5bbc30, L_0x55fc1d5bbcd0, C4<1>, C4<1>;
L_0x55fc1d5bc040 .functor AND 1, L_0x55fc1d5bbe90, L_0x55fc1d5bbf30, C4<1>, C4<1>;
L_0x55fc1d5bbfd0 .functor AND 1, L_0x55fc1d5bc150, L_0x55fc1d5bc1f0, C4<1>, C4<1>;
L_0x55fc1d5bc7a0 .functor AND 1, L_0x55fc1d5bc3b0, L_0x55fc1d5bc560, C4<1>, C4<1>;
L_0x55fc1d5bc930 .functor AND 1, L_0x55fc1d5bb300, L_0x55fc1d5be700, C4<1>, C4<1>;
L_0x55fc1d5bc9f0 .functor OR 1, L_0x55fc1d5bbdd0, L_0x55fc1d5bc930, C4<0>, C4<0>;
L_0x55fc1d5bcb00 .functor AND 1, L_0x55fc1d5bb300, L_0x55fc1d5be700, C4<1>, C4<1>;
L_0x55fc1d5bcb70 .functor OR 1, L_0x55fc1d5bbdd0, L_0x55fc1d5bcb00, C4<0>, C4<0>;
L_0x55fc1d5bcca0 .functor AND 1, L_0x55fc1d5bb580, L_0x55fc1d5bcb70, C4<1>, C4<1>;
L_0x55fc1d5bcdb0 .functor OR 1, L_0x55fc1d5bc040, L_0x55fc1d5bcca0, C4<0>, C4<0>;
L_0x55fc1d5bcc30 .functor AND 1, L_0x55fc1d5bb300, L_0x55fc1d5be700, C4<1>, C4<1>;
L_0x55fc1d5bcf40 .functor OR 1, L_0x55fc1d5bbdd0, L_0x55fc1d5bcc30, C4<0>, C4<0>;
L_0x55fc1d5bd040 .functor AND 1, L_0x55fc1d5bb580, L_0x55fc1d5bcf40, C4<1>, C4<1>;
L_0x55fc1d5bd0b0 .functor OR 1, L_0x55fc1d5bc040, L_0x55fc1d5bd040, C4<0>, C4<0>;
L_0x55fc1d5bd210 .functor AND 1, L_0x55fc1d5bb7d0, L_0x55fc1d5bd0b0, C4<1>, C4<1>;
L_0x55fc1d5bd320 .functor OR 1, L_0x55fc1d5bbfd0, L_0x55fc1d5bd210, C4<0>, C4<0>;
L_0x55fc1d5bd4e0 .functor AND 1, L_0x55fc1d5bb300, L_0x55fc1d5be700, C4<1>, C4<1>;
L_0x55fc1d5bd550 .functor OR 1, L_0x55fc1d5bbdd0, L_0x55fc1d5bd4e0, C4<0>, C4<0>;
L_0x55fc1d5bd680 .functor AND 1, L_0x55fc1d5bb580, L_0x55fc1d5bd550, C4<1>, C4<1>;
L_0x55fc1d5bd780 .functor OR 1, L_0x55fc1d5bc040, L_0x55fc1d5bd680, C4<0>, C4<0>;
L_0x55fc1d5bd950 .functor AND 1, L_0x55fc1d5bb7d0, L_0x55fc1d5bd780, C4<1>, C4<1>;
L_0x55fc1d5bda10 .functor OR 1, L_0x55fc1d5bbfd0, L_0x55fc1d5bd950, C4<0>, C4<0>;
L_0x55fc1d5bdbb0 .functor AND 1, L_0x55fc1d5bbb90, L_0x55fc1d5bda10, C4<1>, C4<1>;
L_0x55fc1d5bdcc0 .functor OR 1, L_0x55fc1d5bc7a0, L_0x55fc1d5bdbb0, C4<0>, C4<0>;
L_0x55fc1d5bdec0 .functor BUFZ 1, L_0x55fc1d5bdcc0, C4<0>, C4<0>, C4<0>;
L_0x55fc1d5bdf80 .functor XOR 1, L_0x55fc1d5bb300, L_0x55fc1d5be700, C4<0>, C4<0>;
L_0x55fc1d5be0f0 .functor XOR 1, L_0x55fc1d5bb580, L_0x55fc1d5bc9f0, C4<0>, C4<0>;
L_0x55fc1d5be1b0 .functor XOR 1, L_0x55fc1d5bb7d0, L_0x55fc1d5bcdb0, C4<0>, C4<0>;
L_0x55fc1d5be4b0 .functor XOR 1, L_0x55fc1d5bbb90, L_0x55fc1d5bd320, C4<0>, C4<0>;
v0x55fc1d59de60_0 .net *"_ivl_1", 0 0, L_0x55fc1d5bb1c0;  1 drivers
v0x55fc1d59df60_0 .net *"_ivl_100", 0 0, L_0x55fc1d5be1b0;  1 drivers
v0x55fc1d59e040_0 .net *"_ivl_105", 0 0, L_0x55fc1d5be4b0;  1 drivers
v0x55fc1d59e130_0 .net *"_ivl_13", 0 0, L_0x55fc1d5bb690;  1 drivers
v0x55fc1d59e210_0 .net *"_ivl_15", 0 0, L_0x55fc1d5bb730;  1 drivers
v0x55fc1d59e340_0 .net *"_ivl_19", 0 0, L_0x55fc1d5bb8e0;  1 drivers
v0x55fc1d59e420_0 .net *"_ivl_21", 0 0, L_0x55fc1d5bba10;  1 drivers
v0x55fc1d59e500_0 .net *"_ivl_25", 0 0, L_0x55fc1d5bbc30;  1 drivers
v0x55fc1d59e5e0_0 .net *"_ivl_27", 0 0, L_0x55fc1d5bbcd0;  1 drivers
v0x55fc1d59e6c0_0 .net *"_ivl_3", 0 0, L_0x55fc1d5bb260;  1 drivers
v0x55fc1d59e7a0_0 .net *"_ivl_31", 0 0, L_0x55fc1d5bbe90;  1 drivers
v0x55fc1d59e880_0 .net *"_ivl_33", 0 0, L_0x55fc1d5bbf30;  1 drivers
v0x55fc1d59e960_0 .net *"_ivl_37", 0 0, L_0x55fc1d5bc150;  1 drivers
v0x55fc1d59ea40_0 .net *"_ivl_39", 0 0, L_0x55fc1d5bc1f0;  1 drivers
v0x55fc1d59eb20_0 .net *"_ivl_43", 0 0, L_0x55fc1d5bc3b0;  1 drivers
v0x55fc1d59ec00_0 .net *"_ivl_45", 0 0, L_0x55fc1d5bc560;  1 drivers
v0x55fc1d59ece0_0 .net *"_ivl_48", 0 0, L_0x55fc1d5bc930;  1 drivers
v0x55fc1d59edc0_0 .net *"_ivl_52", 0 0, L_0x55fc1d5bcb00;  1 drivers
v0x55fc1d59eea0_0 .net *"_ivl_54", 0 0, L_0x55fc1d5bcb70;  1 drivers
v0x55fc1d59ef80_0 .net *"_ivl_56", 0 0, L_0x55fc1d5bcca0;  1 drivers
v0x55fc1d59f060_0 .net *"_ivl_60", 0 0, L_0x55fc1d5bcc30;  1 drivers
v0x55fc1d59f140_0 .net *"_ivl_62", 0 0, L_0x55fc1d5bcf40;  1 drivers
v0x55fc1d59f220_0 .net *"_ivl_64", 0 0, L_0x55fc1d5bd040;  1 drivers
v0x55fc1d59f300_0 .net *"_ivl_66", 0 0, L_0x55fc1d5bd0b0;  1 drivers
v0x55fc1d59f3e0_0 .net *"_ivl_68", 0 0, L_0x55fc1d5bd210;  1 drivers
v0x55fc1d59f4c0_0 .net *"_ivl_7", 0 0, L_0x55fc1d5bb370;  1 drivers
v0x55fc1d59f5a0_0 .net *"_ivl_72", 0 0, L_0x55fc1d5bd4e0;  1 drivers
v0x55fc1d59f680_0 .net *"_ivl_74", 0 0, L_0x55fc1d5bd550;  1 drivers
v0x55fc1d59f760_0 .net *"_ivl_76", 0 0, L_0x55fc1d5bd680;  1 drivers
v0x55fc1d59f840_0 .net *"_ivl_78", 0 0, L_0x55fc1d5bd780;  1 drivers
v0x55fc1d59f920_0 .net *"_ivl_80", 0 0, L_0x55fc1d5bd950;  1 drivers
v0x55fc1d59fa00_0 .net *"_ivl_82", 0 0, L_0x55fc1d5bda10;  1 drivers
v0x55fc1d59fae0_0 .net *"_ivl_84", 0 0, L_0x55fc1d5bdbb0;  1 drivers
v0x55fc1d59fdd0_0 .net *"_ivl_9", 0 0, L_0x55fc1d5bb460;  1 drivers
v0x55fc1d59feb0_0 .net *"_ivl_92", 0 0, L_0x55fc1d5bdf80;  1 drivers
v0x55fc1d59ff90_0 .net *"_ivl_96", 0 0, L_0x55fc1d5be0f0;  1 drivers
v0x55fc1d5a0070_0 .net "a", 3 0, L_0x55fc1d5be5c0;  1 drivers
v0x55fc1d5a0150_0 .net "b", 3 0, L_0x55fc1d5be660;  1 drivers
v0x55fc1d5a0230_0 .net "c0", 0 0, L_0x55fc1d5bc9f0;  1 drivers
v0x55fc1d5a02f0_0 .net "c1", 0 0, L_0x55fc1d5bcdb0;  1 drivers
v0x55fc1d5a03b0_0 .net "c2", 0 0, L_0x55fc1d5bd320;  1 drivers
v0x55fc1d5a0470_0 .net "c3", 0 0, L_0x55fc1d5bdcc0;  1 drivers
v0x55fc1d5a0530_0 .net "cin", 0 0, L_0x55fc1d5be700;  1 drivers
v0x55fc1d5a05f0_0 .net "cout", 0 0, L_0x55fc1d5bdec0;  1 drivers
v0x55fc1d5a06b0_0 .net "g0", 0 0, L_0x55fc1d5bbdd0;  1 drivers
v0x55fc1d5a0770_0 .net "g1", 0 0, L_0x55fc1d5bc040;  1 drivers
v0x55fc1d5a0830_0 .net "g2", 0 0, L_0x55fc1d5bbfd0;  1 drivers
v0x55fc1d5a08f0_0 .net "g3", 0 0, L_0x55fc1d5bc7a0;  1 drivers
v0x55fc1d5a09b0_0 .net "p0", 0 0, L_0x55fc1d5bb300;  1 drivers
v0x55fc1d5a0a70_0 .net "p1", 0 0, L_0x55fc1d5bb580;  1 drivers
v0x55fc1d5a0b30_0 .net "p2", 0 0, L_0x55fc1d5bb7d0;  1 drivers
v0x55fc1d5a0bf0_0 .net "p3", 0 0, L_0x55fc1d5bbb90;  1 drivers
v0x55fc1d5a0cb0_0 .net "sum", 3 0, L_0x55fc1d5bd170;  1 drivers
L_0x55fc1d5bb1c0 .part L_0x55fc1d5be5c0, 0, 1;
L_0x55fc1d5bb260 .part L_0x55fc1d5be660, 0, 1;
L_0x55fc1d5bb370 .part L_0x55fc1d5be5c0, 1, 1;
L_0x55fc1d5bb460 .part L_0x55fc1d5be660, 1, 1;
L_0x55fc1d5bb690 .part L_0x55fc1d5be5c0, 2, 1;
L_0x55fc1d5bb730 .part L_0x55fc1d5be660, 2, 1;
L_0x55fc1d5bb8e0 .part L_0x55fc1d5be5c0, 3, 1;
L_0x55fc1d5bba10 .part L_0x55fc1d5be660, 3, 1;
L_0x55fc1d5bbc30 .part L_0x55fc1d5be5c0, 0, 1;
L_0x55fc1d5bbcd0 .part L_0x55fc1d5be660, 0, 1;
L_0x55fc1d5bbe90 .part L_0x55fc1d5be5c0, 1, 1;
L_0x55fc1d5bbf30 .part L_0x55fc1d5be660, 1, 1;
L_0x55fc1d5bc150 .part L_0x55fc1d5be5c0, 2, 1;
L_0x55fc1d5bc1f0 .part L_0x55fc1d5be660, 2, 1;
L_0x55fc1d5bc3b0 .part L_0x55fc1d5be5c0, 3, 1;
L_0x55fc1d5bc560 .part L_0x55fc1d5be660, 3, 1;
L_0x55fc1d5bd170 .concat8 [ 1 1 1 1], L_0x55fc1d5bdf80, L_0x55fc1d5be0f0, L_0x55fc1d5be1b0, L_0x55fc1d5be4b0;
S_0x55fc1d5a0e30 .scope generate, "genblk1[16]" "genblk1[16]" 5 11, 5 11 0, S_0x55fc1d593660;
 .timescale 0 0;
P_0x55fc1d5a1030 .param/l "i" 1 5 11, +C4<010000>;
S_0x55fc1d5a1110 .scope module, "u1" "cla" 5 12, 6 1 0, S_0x55fc1d5a0e30;
 .timescale 0 0;
    .port_info 0 /INPUT 4 "a";
    .port_info 1 /INPUT 4 "b";
    .port_info 2 /INPUT 1 "cin";
    .port_info 3 /OUTPUT 4 "sum";
    .port_info 4 /OUTPUT 1 "cout";
L_0x55fc1d5be9e0 .functor XOR 1, L_0x55fc1d5be8a0, L_0x55fc1d5be940, C4<0>, C4<0>;
L_0x55fc1d5bec60 .functor XOR 1, L_0x55fc1d5bea50, L_0x55fc1d5beb40, C4<0>, C4<0>;
L_0x55fc1d5beeb0 .functor XOR 1, L_0x55fc1d5bed70, L_0x55fc1d5bee10, C4<0>, C4<0>;
L_0x55fc1d5bf270 .functor XOR 1, L_0x55fc1d5befc0, L_0x55fc1d5bf0f0, C4<0>, C4<0>;
L_0x55fc1d5bf450 .functor AND 1, L_0x55fc1d5bf310, L_0x55fc1d5bf3b0, C4<1>, C4<1>;
L_0x55fc1d5bf6c0 .functor AND 1, L_0x55fc1d5bf510, L_0x55fc1d5bf5b0, C4<1>, C4<1>;
L_0x55fc1d5bf650 .functor AND 1, L_0x55fc1d5bf7d0, L_0x55fc1d5bf870, C4<1>, C4<1>;
L_0x55fc1d5bfda0 .functor AND 1, L_0x55fc1d5bf9b0, L_0x55fc1d5bfb60, C4<1>, C4<1>;
L_0x55fc1d5bff30 .functor AND 1, L_0x55fc1d5be9e0, L_0x55fc1d5c1c80, C4<1>, C4<1>;
L_0x55fc1d5bfff0 .functor OR 1, L_0x55fc1d5bf450, L_0x55fc1d5bff30, C4<0>, C4<0>;
L_0x55fc1d5c0100 .functor AND 1, L_0x55fc1d5be9e0, L_0x55fc1d5c1c80, C4<1>, C4<1>;
L_0x55fc1d5c0170 .functor OR 1, L_0x55fc1d5bf450, L_0x55fc1d5c0100, C4<0>, C4<0>;
L_0x55fc1d5c02a0 .functor AND 1, L_0x55fc1d5bec60, L_0x55fc1d5c0170, C4<1>, C4<1>;
L_0x55fc1d5c03b0 .functor OR 1, L_0x55fc1d5bf6c0, L_0x55fc1d5c02a0, C4<0>, C4<0>;
L_0x55fc1d5c0230 .functor AND 1, L_0x55fc1d5be9e0, L_0x55fc1d5c1c80, C4<1>, C4<1>;
L_0x55fc1d5c04c0 .functor OR 1, L_0x55fc1d5bf450, L_0x55fc1d5c0230, C4<0>, C4<0>;
L_0x55fc1d5c05c0 .functor AND 1, L_0x55fc1d5bec60, L_0x55fc1d5c04c0, C4<1>, C4<1>;
L_0x55fc1d5c0630 .functor OR 1, L_0x55fc1d5bf6c0, L_0x55fc1d5c05c0, C4<0>, C4<0>;
L_0x55fc1d5c0790 .functor AND 1, L_0x55fc1d5beeb0, L_0x55fc1d5c0630, C4<1>, C4<1>;
L_0x55fc1d5c08a0 .functor OR 1, L_0x55fc1d5bf650, L_0x55fc1d5c0790, C4<0>, C4<0>;
L_0x55fc1d5c0a60 .functor AND 1, L_0x55fc1d5be9e0, L_0x55fc1d5c1c80, C4<1>, C4<1>;
L_0x55fc1d5c0ad0 .functor OR 1, L_0x55fc1d5bf450, L_0x55fc1d5c0a60, C4<0>, C4<0>;
L_0x55fc1d5c0c00 .functor AND 1, L_0x55fc1d5bec60, L_0x55fc1d5c0ad0, C4<1>, C4<1>;
L_0x55fc1d5c0d00 .functor OR 1, L_0x55fc1d5bf6c0, L_0x55fc1d5c0c00, C4<0>, C4<0>;
L_0x55fc1d5c0ed0 .functor AND 1, L_0x55fc1d5beeb0, L_0x55fc1d5c0d00, C4<1>, C4<1>;
L_0x55fc1d5c0f90 .functor OR 1, L_0x55fc1d5bf650, L_0x55fc1d5c0ed0, C4<0>, C4<0>;
L_0x55fc1d5c1130 .functor AND 1, L_0x55fc1d5bf270, L_0x55fc1d5c0f90, C4<1>, C4<1>;
L_0x55fc1d5c1240 .functor OR 1, L_0x55fc1d5bfda0, L_0x55fc1d5c1130, C4<0>, C4<0>;
L_0x55fc1d5c1440 .functor BUFZ 1, L_0x55fc1d5c1240, C4<0>, C4<0>, C4<0>;
L_0x55fc1d5c1500 .functor XOR 1, L_0x55fc1d5be9e0, L_0x55fc1d5c1c80, C4<0>, C4<0>;
L_0x55fc1d5c1670 .functor XOR 1, L_0x55fc1d5bec60, L_0x55fc1d5bfff0, C4<0>, C4<0>;
L_0x55fc1d5c1730 .functor XOR 1, L_0x55fc1d5beeb0, L_0x55fc1d5c03b0, C4<0>, C4<0>;
L_0x55fc1d5c1a30 .functor XOR 1, L_0x55fc1d5bf270, L_0x55fc1d5c08a0, C4<0>, C4<0>;
v0x55fc1d5a13a0_0 .net *"_ivl_1", 0 0, L_0x55fc1d5be8a0;  1 drivers
v0x55fc1d5a14a0_0 .net *"_ivl_100", 0 0, L_0x55fc1d5c1730;  1 drivers
v0x55fc1d5a1580_0 .net *"_ivl_105", 0 0, L_0x55fc1d5c1a30;  1 drivers
v0x55fc1d5a1640_0 .net *"_ivl_13", 0 0, L_0x55fc1d5bed70;  1 drivers
v0x55fc1d5a1720_0 .net *"_ivl_15", 0 0, L_0x55fc1d5bee10;  1 drivers
v0x55fc1d5a1850_0 .net *"_ivl_19", 0 0, L_0x55fc1d5befc0;  1 drivers
v0x55fc1d5a1930_0 .net *"_ivl_21", 0 0, L_0x55fc1d5bf0f0;  1 drivers
v0x55fc1d5a1a10_0 .net *"_ivl_25", 0 0, L_0x55fc1d5bf310;  1 drivers
v0x55fc1d5a1af0_0 .net *"_ivl_27", 0 0, L_0x55fc1d5bf3b0;  1 drivers
v0x55fc1d5a1bd0_0 .net *"_ivl_3", 0 0, L_0x55fc1d5be940;  1 drivers
v0x55fc1d5a1cb0_0 .net *"_ivl_31", 0 0, L_0x55fc1d5bf510;  1 drivers
v0x55fc1d5a1d90_0 .net *"_ivl_33", 0 0, L_0x55fc1d5bf5b0;  1 drivers
v0x55fc1d5a1e70_0 .net *"_ivl_37", 0 0, L_0x55fc1d5bf7d0;  1 drivers
v0x55fc1d5a1f50_0 .net *"_ivl_39", 0 0, L_0x55fc1d5bf870;  1 drivers
v0x55fc1d5a2030_0 .net *"_ivl_43", 0 0, L_0x55fc1d5bf9b0;  1 drivers
v0x55fc1d5a2110_0 .net *"_ivl_45", 0 0, L_0x55fc1d5bfb60;  1 drivers
v0x55fc1d5a21f0_0 .net *"_ivl_48", 0 0, L_0x55fc1d5bff30;  1 drivers
v0x55fc1d5a22d0_0 .net *"_ivl_52", 0 0, L_0x55fc1d5c0100;  1 drivers
v0x55fc1d5a23b0_0 .net *"_ivl_54", 0 0, L_0x55fc1d5c0170;  1 drivers
v0x55fc1d5a2490_0 .net *"_ivl_56", 0 0, L_0x55fc1d5c02a0;  1 drivers
v0x55fc1d5a2570_0 .net *"_ivl_60", 0 0, L_0x55fc1d5c0230;  1 drivers
v0x55fc1d5a2650_0 .net *"_ivl_62", 0 0, L_0x55fc1d5c04c0;  1 drivers
v0x55fc1d5a2730_0 .net *"_ivl_64", 0 0, L_0x55fc1d5c05c0;  1 drivers
v0x55fc1d5a2810_0 .net *"_ivl_66", 0 0, L_0x55fc1d5c0630;  1 drivers
v0x55fc1d5a28f0_0 .net *"_ivl_68", 0 0, L_0x55fc1d5c0790;  1 drivers
v0x55fc1d5a29d0_0 .net *"_ivl_7", 0 0, L_0x55fc1d5bea50;  1 drivers
v0x55fc1d5a2ab0_0 .net *"_ivl_72", 0 0, L_0x55fc1d5c0a60;  1 drivers
v0x55fc1d5a2b90_0 .net *"_ivl_74", 0 0, L_0x55fc1d5c0ad0;  1 drivers
v0x55fc1d5a2c70_0 .net *"_ivl_76", 0 0, L_0x55fc1d5c0c00;  1 drivers
v0x55fc1d5a2d50_0 .net *"_ivl_78", 0 0, L_0x55fc1d5c0d00;  1 drivers
v0x55fc1d5a2e30_0 .net *"_ivl_80", 0 0, L_0x55fc1d5c0ed0;  1 drivers
v0x55fc1d5a2f10_0 .net *"_ivl_82", 0 0, L_0x55fc1d5c0f90;  1 drivers
v0x55fc1d5a2ff0_0 .net *"_ivl_84", 0 0, L_0x55fc1d5c1130;  1 drivers
v0x55fc1d5a32e0_0 .net *"_ivl_9", 0 0, L_0x55fc1d5beb40;  1 drivers
v0x55fc1d5a33c0_0 .net *"_ivl_92", 0 0, L_0x55fc1d5c1500;  1 drivers
v0x55fc1d5a34a0_0 .net *"_ivl_96", 0 0, L_0x55fc1d5c1670;  1 drivers
v0x55fc1d5a3580_0 .net "a", 3 0, L_0x55fc1d5c1b40;  1 drivers
v0x55fc1d5a3660_0 .net "b", 3 0, L_0x55fc1d5c1be0;  1 drivers
v0x55fc1d5a3740_0 .net "c0", 0 0, L_0x55fc1d5bfff0;  1 drivers
v0x55fc1d5a3800_0 .net "c1", 0 0, L_0x55fc1d5c03b0;  1 drivers
v0x55fc1d5a38c0_0 .net "c2", 0 0, L_0x55fc1d5c08a0;  1 drivers
v0x55fc1d5a3980_0 .net "c3", 0 0, L_0x55fc1d5c1240;  1 drivers
v0x55fc1d5a3a40_0 .net "cin", 0 0, L_0x55fc1d5c1c80;  1 drivers
v0x55fc1d5a3b00_0 .net "cout", 0 0, L_0x55fc1d5c1440;  1 drivers
v0x55fc1d5a3bc0_0 .net "g0", 0 0, L_0x55fc1d5bf450;  1 drivers
v0x55fc1d5a3c80_0 .net "g1", 0 0, L_0x55fc1d5bf6c0;  1 drivers
v0x55fc1d5a3d40_0 .net "g2", 0 0, L_0x55fc1d5bf650;  1 drivers
v0x55fc1d5a3e00_0 .net "g3", 0 0, L_0x55fc1d5bfda0;  1 drivers
v0x55fc1d5a3ec0_0 .net "p0", 0 0, L_0x55fc1d5be9e0;  1 drivers
v0x55fc1d5a3f80_0 .net "p1", 0 0, L_0x55fc1d5bec60;  1 drivers
v0x55fc1d5a4040_0 .net "p2", 0 0, L_0x55fc1d5beeb0;  1 drivers
v0x55fc1d5a4100_0 .net "p3", 0 0, L_0x55fc1d5bf270;  1 drivers
v0x55fc1d5a41c0_0 .net "sum", 3 0, L_0x55fc1d5c06f0;  1 drivers
L_0x55fc1d5be8a0 .part L_0x55fc1d5c1b40, 0, 1;
L_0x55fc1d5be940 .part L_0x55fc1d5c1be0, 0, 1;
L_0x55fc1d5bea50 .part L_0x55fc1d5c1b40, 1, 1;
L_0x55fc1d5beb40 .part L_0x55fc1d5c1be0, 1, 1;
L_0x55fc1d5bed70 .part L_0x55fc1d5c1b40, 2, 1;
L_0x55fc1d5bee10 .part L_0x55fc1d5c1be0, 2, 1;
L_0x55fc1d5befc0 .part L_0x55fc1d5c1b40, 3, 1;
L_0x55fc1d5bf0f0 .part L_0x55fc1d5c1be0, 3, 1;
L_0x55fc1d5bf310 .part L_0x55fc1d5c1b40, 0, 1;
L_0x55fc1d5bf3b0 .part L_0x55fc1d5c1be0, 0, 1;
L_0x55fc1d5bf510 .part L_0x55fc1d5c1b40, 1, 1;
L_0x55fc1d5bf5b0 .part L_0x55fc1d5c1be0, 1, 1;
L_0x55fc1d5bf7d0 .part L_0x55fc1d5c1b40, 2, 1;
L_0x55fc1d5bf870 .part L_0x55fc1d5c1be0, 2, 1;
L_0x55fc1d5bf9b0 .part L_0x55fc1d5c1b40, 3, 1;
L_0x55fc1d5bfb60 .part L_0x55fc1d5c1be0, 3, 1;
L_0x55fc1d5c06f0 .concat8 [ 1 1 1 1], L_0x55fc1d5c1500, L_0x55fc1d5c1670, L_0x55fc1d5c1730, L_0x55fc1d5c1a30;
S_0x55fc1d5a4340 .scope generate, "genblk1[20]" "genblk1[20]" 5 11, 5 11 0, S_0x55fc1d593660;
 .timescale 0 0;
P_0x55fc1d5a44f0 .param/l "i" 1 5 11, +C4<010100>;
S_0x55fc1d5a45d0 .scope module, "u1" "cla" 5 12, 6 1 0, S_0x55fc1d5a4340;
 .timescale 0 0;
    .port_info 0 /INPUT 4 "a";
    .port_info 1 /INPUT 4 "b";
    .port_info 2 /INPUT 1 "cin";
    .port_info 3 /OUTPUT 4 "sum";
    .port_info 4 /OUTPUT 1 "cout";
L_0x55fc1d5be830 .functor XOR 1, L_0x55fc1d5c1d20, L_0x55fc1d5c1dc0, C4<0>, C4<0>;
L_0x55fc1d5c2110 .functor XOR 1, L_0x55fc1d5c1f00, L_0x55fc1d5c1ff0, C4<0>, C4<0>;
L_0x55fc1d5c2360 .functor XOR 1, L_0x55fc1d5c2220, L_0x55fc1d5c22c0, C4<0>, C4<0>;
L_0x55fc1d5c2720 .functor XOR 1, L_0x55fc1d5c2470, L_0x55fc1d5c25a0, C4<0>, C4<0>;
L_0x55fc1d5c2900 .functor AND 1, L_0x55fc1d5c27c0, L_0x55fc1d5c2860, C4<1>, C4<1>;
L_0x55fc1d5c2b70 .functor AND 1, L_0x55fc1d5c29c0, L_0x55fc1d5c2a60, C4<1>, C4<1>;
L_0x55fc1d5c2b00 .functor AND 1, L_0x55fc1d5c2c80, L_0x55fc1d5c2d20, C4<1>, C4<1>;
L_0x55fc1d5c32d0 .functor AND 1, L_0x55fc1d5c2ee0, L_0x55fc1d5c3090, C4<1>, C4<1>;
L_0x55fc1d5c3460 .functor AND 1, L_0x55fc1d5be830, L_0x55fc1d5c5240, C4<1>, C4<1>;
L_0x55fc1d5c3520 .functor OR 1, L_0x55fc1d5c2900, L_0x55fc1d5c3460, C4<0>, C4<0>;
L_0x55fc1d5c3630 .functor AND 1, L_0x55fc1d5be830, L_0x55fc1d5c5240, C4<1>, C4<1>;
L_0x55fc1d5c36a0 .functor OR 1, L_0x55fc1d5c2900, L_0x55fc1d5c3630, C4<0>, C4<0>;
L_0x55fc1d5c37d0 .functor AND 1, L_0x55fc1d5c2110, L_0x55fc1d5c36a0, C4<1>, C4<1>;
L_0x55fc1d5c38e0 .functor OR 1, L_0x55fc1d5c2b70, L_0x55fc1d5c37d0, C4<0>, C4<0>;
L_0x55fc1d5c3760 .functor AND 1, L_0x55fc1d5be830, L_0x55fc1d5c5240, C4<1>, C4<1>;
L_0x55fc1d5c39f0 .functor OR 1, L_0x55fc1d5c2900, L_0x55fc1d5c3760, C4<0>, C4<0>;
L_0x55fc1d5c3af0 .functor AND 1, L_0x55fc1d5c2110, L_0x55fc1d5c39f0, C4<1>, C4<1>;
L_0x55fc1d5c3b60 .functor OR 1, L_0x55fc1d5c2b70, L_0x55fc1d5c3af0, C4<0>, C4<0>;
L_0x55fc1d5c3cc0 .functor AND 1, L_0x55fc1d5c2360, L_0x55fc1d5c3b60, C4<1>, C4<1>;
L_0x55fc1d5c3dd0 .functor OR 1, L_0x55fc1d5c2b00, L_0x55fc1d5c3cc0, C4<0>, C4<0>;
L_0x55fc1d5c3f90 .functor AND 1, L_0x55fc1d5be830, L_0x55fc1d5c5240, C4<1>, C4<1>;
L_0x55fc1d5c4000 .functor OR 1, L_0x55fc1d5c2900, L_0x55fc1d5c3f90, C4<0>, C4<0>;
L_0x55fc1d5c4130 .functor AND 1, L_0x55fc1d5c2110, L_0x55fc1d5c4000, C4<1>, C4<1>;
L_0x55fc1d5c4230 .functor OR 1, L_0x55fc1d5c2b70, L_0x55fc1d5c4130, C4<0>, C4<0>;
L_0x55fc1d5c4400 .functor AND 1, L_0x55fc1d5c2360, L_0x55fc1d5c4230, C4<1>, C4<1>;
L_0x55fc1d5c44c0 .functor OR 1, L_0x55fc1d5c2b00, L_0x55fc1d5c4400, C4<0>, C4<0>;
L_0x55fc1d5c4660 .functor AND 1, L_0x55fc1d5c2720, L_0x55fc1d5c44c0, C4<1>, C4<1>;
L_0x55fc1d5c4770 .functor OR 1, L_0x55fc1d5c32d0, L_0x55fc1d5c4660, C4<0>, C4<0>;
L_0x55fc1d5c4970 .functor BUFZ 1, L_0x55fc1d5c4770, C4<0>, C4<0>, C4<0>;
L_0x55fc1d5c4a30 .functor XOR 1, L_0x55fc1d5be830, L_0x55fc1d5c5240, C4<0>, C4<0>;
L_0x55fc1d5c4ba0 .functor XOR 1, L_0x55fc1d5c2110, L_0x55fc1d5c3520, C4<0>, C4<0>;
L_0x55fc1d5c4c60 .functor XOR 1, L_0x55fc1d5c2360, L_0x55fc1d5c38e0, C4<0>, C4<0>;
L_0x55fc1d5c4f60 .functor XOR 1, L_0x55fc1d5c2720, L_0x55fc1d5c3dd0, C4<0>, C4<0>;
v0x55fc1d5a4860_0 .net *"_ivl_1", 0 0, L_0x55fc1d5c1d20;  1 drivers
v0x55fc1d5a4960_0 .net *"_ivl_100", 0 0, L_0x55fc1d5c4c60;  1 drivers
v0x55fc1d5a4a40_0 .net *"_ivl_105", 0 0, L_0x55fc1d5c4f60;  1 drivers
v0x55fc1d5a4b30_0 .net *"_ivl_13", 0 0, L_0x55fc1d5c2220;  1 drivers
v0x55fc1d5a4c10_0 .net *"_ivl_15", 0 0, L_0x55fc1d5c22c0;  1 drivers
v0x55fc1d5a4d40_0 .net *"_ivl_19", 0 0, L_0x55fc1d5c2470;  1 drivers
v0x55fc1d5a4e20_0 .net *"_ivl_21", 0 0, L_0x55fc1d5c25a0;  1 drivers
v0x55fc1d5a4f00_0 .net *"_ivl_25", 0 0, L_0x55fc1d5c27c0;  1 drivers
v0x55fc1d5a4fe0_0 .net *"_ivl_27", 0 0, L_0x55fc1d5c2860;  1 drivers
v0x55fc1d5a50c0_0 .net *"_ivl_3", 0 0, L_0x55fc1d5c1dc0;  1 drivers
v0x55fc1d5a51a0_0 .net *"_ivl_31", 0 0, L_0x55fc1d5c29c0;  1 drivers
v0x55fc1d5a5280_0 .net *"_ivl_33", 0 0, L_0x55fc1d5c2a60;  1 drivers
v0x55fc1d5a5360_0 .net *"_ivl_37", 0 0, L_0x55fc1d5c2c80;  1 drivers
v0x55fc1d5a5440_0 .net *"_ivl_39", 0 0, L_0x55fc1d5c2d20;  1 drivers
v0x55fc1d5a5520_0 .net *"_ivl_43", 0 0, L_0x55fc1d5c2ee0;  1 drivers
v0x55fc1d5a5600_0 .net *"_ivl_45", 0 0, L_0x55fc1d5c3090;  1 drivers
v0x55fc1d5a56e0_0 .net *"_ivl_48", 0 0, L_0x55fc1d5c3460;  1 drivers
v0x55fc1d5a57c0_0 .net *"_ivl_52", 0 0, L_0x55fc1d5c3630;  1 drivers
v0x55fc1d5a58a0_0 .net *"_ivl_54", 0 0, L_0x55fc1d5c36a0;  1 drivers
v0x55fc1d5a5980_0 .net *"_ivl_56", 0 0, L_0x55fc1d5c37d0;  1 drivers
v0x55fc1d5a5a60_0 .net *"_ivl_60", 0 0, L_0x55fc1d5c3760;  1 drivers
v0x55fc1d5a5b40_0 .net *"_ivl_62", 0 0, L_0x55fc1d5c39f0;  1 drivers
v0x55fc1d5a5c20_0 .net *"_ivl_64", 0 0, L_0x55fc1d5c3af0;  1 drivers
v0x55fc1d5a5d00_0 .net *"_ivl_66", 0 0, L_0x55fc1d5c3b60;  1 drivers
v0x55fc1d5a5de0_0 .net *"_ivl_68", 0 0, L_0x55fc1d5c3cc0;  1 drivers
v0x55fc1d5a5ec0_0 .net *"_ivl_7", 0 0, L_0x55fc1d5c1f00;  1 drivers
v0x55fc1d5a5fa0_0 .net *"_ivl_72", 0 0, L_0x55fc1d5c3f90;  1 drivers
v0x55fc1d5a6080_0 .net *"_ivl_74", 0 0, L_0x55fc1d5c4000;  1 drivers
v0x55fc1d5a6160_0 .net *"_ivl_76", 0 0, L_0x55fc1d5c4130;  1 drivers
v0x55fc1d5a6240_0 .net *"_ivl_78", 0 0, L_0x55fc1d5c4230;  1 drivers
v0x55fc1d5a6320_0 .net *"_ivl_80", 0 0, L_0x55fc1d5c4400;  1 drivers
v0x55fc1d5a6400_0 .net *"_ivl_82", 0 0, L_0x55fc1d5c44c0;  1 drivers
v0x55fc1d5a64e0_0 .net *"_ivl_84", 0 0, L_0x55fc1d5c4660;  1 drivers
v0x55fc1d5a67d0_0 .net *"_ivl_9", 0 0, L_0x55fc1d5c1ff0;  1 drivers
v0x55fc1d5a68b0_0 .net *"_ivl_92", 0 0, L_0x55fc1d5c4a30;  1 drivers
v0x55fc1d5a6990_0 .net *"_ivl_96", 0 0, L_0x55fc1d5c4ba0;  1 drivers
v0x55fc1d5a6a70_0 .net "a", 3 0, L_0x55fc1d5c5070;  1 drivers
v0x55fc1d5a6b50_0 .net "b", 3 0, L_0x55fc1d5c51a0;  1 drivers
v0x55fc1d5a6c30_0 .net "c0", 0 0, L_0x55fc1d5c3520;  1 drivers
v0x55fc1d5a6cf0_0 .net "c1", 0 0, L_0x55fc1d5c38e0;  1 drivers
v0x55fc1d5a6db0_0 .net "c2", 0 0, L_0x55fc1d5c3dd0;  1 drivers
v0x55fc1d5a6e70_0 .net "c3", 0 0, L_0x55fc1d5c4770;  1 drivers
v0x55fc1d5a6f30_0 .net "cin", 0 0, L_0x55fc1d5c5240;  1 drivers
v0x55fc1d5a6ff0_0 .net "cout", 0 0, L_0x55fc1d5c4970;  1 drivers
v0x55fc1d5a70b0_0 .net "g0", 0 0, L_0x55fc1d5c2900;  1 drivers
v0x55fc1d5a7170_0 .net "g1", 0 0, L_0x55fc1d5c2b70;  1 drivers
v0x55fc1d5a7230_0 .net "g2", 0 0, L_0x55fc1d5c2b00;  1 drivers
v0x55fc1d5a72f0_0 .net "g3", 0 0, L_0x55fc1d5c32d0;  1 drivers
v0x55fc1d5a73b0_0 .net "p0", 0 0, L_0x55fc1d5be830;  1 drivers
v0x55fc1d5a7470_0 .net "p1", 0 0, L_0x55fc1d5c2110;  1 drivers
v0x55fc1d5a7530_0 .net "p2", 0 0, L_0x55fc1d5c2360;  1 drivers
v0x55fc1d5a75f0_0 .net "p3", 0 0, L_0x55fc1d5c2720;  1 drivers
v0x55fc1d5a76b0_0 .net "sum", 3 0, L_0x55fc1d5c3c20;  1 drivers
L_0x55fc1d5c1d20 .part L_0x55fc1d5c5070, 0, 1;
L_0x55fc1d5c1dc0 .part L_0x55fc1d5c51a0, 0, 1;
L_0x55fc1d5c1f00 .part L_0x55fc1d5c5070, 1, 1;
L_0x55fc1d5c1ff0 .part L_0x55fc1d5c51a0, 1, 1;
L_0x55fc1d5c2220 .part L_0x55fc1d5c5070, 2, 1;
L_0x55fc1d5c22c0 .part L_0x55fc1d5c51a0, 2, 1;
L_0x55fc1d5c2470 .part L_0x55fc1d5c5070, 3, 1;
L_0x55fc1d5c25a0 .part L_0x55fc1d5c51a0, 3, 1;
L_0x55fc1d5c27c0 .part L_0x55fc1d5c5070, 0, 1;
L_0x55fc1d5c2860 .part L_0x55fc1d5c51a0, 0, 1;
L_0x55fc1d5c29c0 .part L_0x55fc1d5c5070, 1, 1;
L_0x55fc1d5c2a60 .part L_0x55fc1d5c51a0, 1, 1;
L_0x55fc1d5c2c80 .part L_0x55fc1d5c5070, 2, 1;
L_0x55fc1d5c2d20 .part L_0x55fc1d5c51a0, 2, 1;
L_0x55fc1d5c2ee0 .part L_0x55fc1d5c5070, 3, 1;
L_0x55fc1d5c3090 .part L_0x55fc1d5c51a0, 3, 1;
L_0x55fc1d5c3c20 .concat8 [ 1 1 1 1], L_0x55fc1d5c4a30, L_0x55fc1d5c4ba0, L_0x55fc1d5c4c60, L_0x55fc1d5c4f60;
S_0x55fc1d5a7830 .scope generate, "genblk1[24]" "genblk1[24]" 5 11, 5 11 0, S_0x55fc1d593660;
 .timescale 0 0;
P_0x55fc1d5a79e0 .param/l "i" 1 5 11, +C4<011000>;
S_0x55fc1d5a7ac0 .scope module, "u1" "cla" 5 12, 6 1 0, S_0x55fc1d5a7830;
 .timescale 0 0;
    .port_info 0 /INPUT 4 "a";
    .port_info 1 /INPUT 4 "b";
    .port_info 2 /INPUT 1 "cin";
    .port_info 3 /OUTPUT 4 "sum";
    .port_info 4 /OUTPUT 1 "cout";
L_0x55fc1d5c54c0 .functor XOR 1, L_0x55fc1d5c5380, L_0x55fc1d5c5420, C4<0>, C4<0>;
L_0x55fc1d5c57e0 .functor XOR 1, L_0x55fc1d5c55d0, L_0x55fc1d5c56c0, C4<0>, C4<0>;
L_0x55fc1d5c5a30 .functor XOR 1, L_0x55fc1d5c58f0, L_0x55fc1d5c5990, C4<0>, C4<0>;
L_0x55fc1d5c5d60 .functor XOR 1, L_0x55fc1d5c5b40, L_0x55fc1d5c5be0, C4<0>, C4<0>;
L_0x55fc1d5c5f40 .functor AND 1, L_0x55fc1d5c5e00, L_0x55fc1d5c5ea0, C4<1>, C4<1>;
L_0x55fc1d5c61b0 .functor AND 1, L_0x55fc1d5c6000, L_0x55fc1d5c60a0, C4<1>, C4<1>;
L_0x55fc1d5c6140 .functor AND 1, L_0x55fc1d5c62c0, L_0x55fc1d5c6360, C4<1>, C4<1>;
L_0x55fc1d5c6890 .functor AND 1, L_0x55fc1d5c64a0, L_0x55fc1d5c6650, C4<1>, C4<1>;
L_0x55fc1d5c6a20 .functor AND 1, L_0x55fc1d5c54c0, L_0x55fc1d5c52e0, C4<1>, C4<1>;
L_0x55fc1d5c6ae0 .functor OR 1, L_0x55fc1d5c5f40, L_0x55fc1d5c6a20, C4<0>, C4<0>;
L_0x55fc1d5c6bf0 .functor AND 1, L_0x55fc1d5c54c0, L_0x55fc1d5c52e0, C4<1>, C4<1>;
L_0x55fc1d5c6c60 .functor OR 1, L_0x55fc1d5c5f40, L_0x55fc1d5c6bf0, C4<0>, C4<0>;
L_0x55fc1d5c6d90 .functor AND 1, L_0x55fc1d5c57e0, L_0x55fc1d5c6c60, C4<1>, C4<1>;
L_0x55fc1d5c6ea0 .functor OR 1, L_0x55fc1d5c61b0, L_0x55fc1d5c6d90, C4<0>, C4<0>;
L_0x55fc1d5c6d20 .functor AND 1, L_0x55fc1d5c54c0, L_0x55fc1d5c52e0, C4<1>, C4<1>;
L_0x55fc1d5c6fb0 .functor OR 1, L_0x55fc1d5c5f40, L_0x55fc1d5c6d20, C4<0>, C4<0>;
L_0x55fc1d5c70b0 .functor AND 1, L_0x55fc1d5c57e0, L_0x55fc1d5c6fb0, C4<1>, C4<1>;
L_0x55fc1d5c7120 .functor OR 1, L_0x55fc1d5c61b0, L_0x55fc1d5c70b0, C4<0>, C4<0>;
L_0x55fc1d5c7280 .functor AND 1, L_0x55fc1d5c5a30, L_0x55fc1d5c7120, C4<1>, C4<1>;
L_0x55fc1d5c7390 .functor OR 1, L_0x55fc1d5c6140, L_0x55fc1d5c7280, C4<0>, C4<0>;
L_0x55fc1d5c7550 .functor AND 1, L_0x55fc1d5c54c0, L_0x55fc1d5c52e0, C4<1>, C4<1>;
L_0x55fc1d5c75c0 .functor OR 1, L_0x55fc1d5c5f40, L_0x55fc1d5c7550, C4<0>, C4<0>;
L_0x55fc1d5c76f0 .functor AND 1, L_0x55fc1d5c57e0, L_0x55fc1d5c75c0, C4<1>, C4<1>;
L_0x55fc1d5c77f0 .functor OR 1, L_0x55fc1d5c61b0, L_0x55fc1d5c76f0, C4<0>, C4<0>;
L_0x55fc1d5c79c0 .functor AND 1, L_0x55fc1d5c5a30, L_0x55fc1d5c77f0, C4<1>, C4<1>;
L_0x55fc1d5c7a80 .functor OR 1, L_0x55fc1d5c6140, L_0x55fc1d5c79c0, C4<0>, C4<0>;
L_0x55fc1d5c7c20 .functor AND 1, L_0x55fc1d5c5d60, L_0x55fc1d5c7a80, C4<1>, C4<1>;
L_0x55fc1d5c7d30 .functor OR 1, L_0x55fc1d5c6890, L_0x55fc1d5c7c20, C4<0>, C4<0>;
L_0x55fc1d5c7f30 .functor BUFZ 1, L_0x55fc1d5c7d30, C4<0>, C4<0>, C4<0>;
L_0x55fc1d5c7ff0 .functor XOR 1, L_0x55fc1d5c54c0, L_0x55fc1d5c52e0, C4<0>, C4<0>;
L_0x55fc1d5c8160 .functor XOR 1, L_0x55fc1d5c57e0, L_0x55fc1d5c6ae0, C4<0>, C4<0>;
L_0x55fc1d5c8220 .functor XOR 1, L_0x55fc1d5c5a30, L_0x55fc1d5c6ea0, C4<0>, C4<0>;
L_0x55fc1d5c8520 .functor XOR 1, L_0x55fc1d5c5d60, L_0x55fc1d5c7390, C4<0>, C4<0>;
v0x55fc1d5a7d50_0 .net *"_ivl_1", 0 0, L_0x55fc1d5c5380;  1 drivers
v0x55fc1d5a7e50_0 .net *"_ivl_100", 0 0, L_0x55fc1d5c8220;  1 drivers
v0x55fc1d5a7f30_0 .net *"_ivl_105", 0 0, L_0x55fc1d5c8520;  1 drivers
v0x55fc1d5a8020_0 .net *"_ivl_13", 0 0, L_0x55fc1d5c58f0;  1 drivers
v0x55fc1d5a8100_0 .net *"_ivl_15", 0 0, L_0x55fc1d5c5990;  1 drivers
v0x55fc1d5a8230_0 .net *"_ivl_19", 0 0, L_0x55fc1d5c5b40;  1 drivers
v0x55fc1d5a8310_0 .net *"_ivl_21", 0 0, L_0x55fc1d5c5be0;  1 drivers
v0x55fc1d5a83f0_0 .net *"_ivl_25", 0 0, L_0x55fc1d5c5e00;  1 drivers
v0x55fc1d5a84d0_0 .net *"_ivl_27", 0 0, L_0x55fc1d5c5ea0;  1 drivers
v0x55fc1d5a85b0_0 .net *"_ivl_3", 0 0, L_0x55fc1d5c5420;  1 drivers
v0x55fc1d5a8690_0 .net *"_ivl_31", 0 0, L_0x55fc1d5c6000;  1 drivers
v0x55fc1d5a8770_0 .net *"_ivl_33", 0 0, L_0x55fc1d5c60a0;  1 drivers
v0x55fc1d5a8850_0 .net *"_ivl_37", 0 0, L_0x55fc1d5c62c0;  1 drivers
v0x55fc1d5a8930_0 .net *"_ivl_39", 0 0, L_0x55fc1d5c6360;  1 drivers
v0x55fc1d5a8a10_0 .net *"_ivl_43", 0 0, L_0x55fc1d5c64a0;  1 drivers
v0x55fc1d5a8af0_0 .net *"_ivl_45", 0 0, L_0x55fc1d5c6650;  1 drivers
v0x55fc1d5a8bd0_0 .net *"_ivl_48", 0 0, L_0x55fc1d5c6a20;  1 drivers
v0x55fc1d5a8cb0_0 .net *"_ivl_52", 0 0, L_0x55fc1d5c6bf0;  1 drivers
v0x55fc1d5a8d90_0 .net *"_ivl_54", 0 0, L_0x55fc1d5c6c60;  1 drivers
v0x55fc1d5a8e70_0 .net *"_ivl_56", 0 0, L_0x55fc1d5c6d90;  1 drivers
v0x55fc1d5a8f50_0 .net *"_ivl_60", 0 0, L_0x55fc1d5c6d20;  1 drivers
v0x55fc1d5a9030_0 .net *"_ivl_62", 0 0, L_0x55fc1d5c6fb0;  1 drivers
v0x55fc1d5a9110_0 .net *"_ivl_64", 0 0, L_0x55fc1d5c70b0;  1 drivers
v0x55fc1d5a91f0_0 .net *"_ivl_66", 0 0, L_0x55fc1d5c7120;  1 drivers
v0x55fc1d5a92d0_0 .net *"_ivl_68", 0 0, L_0x55fc1d5c7280;  1 drivers
v0x55fc1d5a93b0_0 .net *"_ivl_7", 0 0, L_0x55fc1d5c55d0;  1 drivers
v0x55fc1d5a9490_0 .net *"_ivl_72", 0 0, L_0x55fc1d5c7550;  1 drivers
v0x55fc1d5a9570_0 .net *"_ivl_74", 0 0, L_0x55fc1d5c75c0;  1 drivers
v0x55fc1d5a9650_0 .net *"_ivl_76", 0 0, L_0x55fc1d5c76f0;  1 drivers
v0x55fc1d5a9730_0 .net *"_ivl_78", 0 0, L_0x55fc1d5c77f0;  1 drivers
v0x55fc1d5a9810_0 .net *"_ivl_80", 0 0, L_0x55fc1d5c79c0;  1 drivers
v0x55fc1d5a98f0_0 .net *"_ivl_82", 0 0, L_0x55fc1d5c7a80;  1 drivers
v0x55fc1d5a99d0_0 .net *"_ivl_84", 0 0, L_0x55fc1d5c7c20;  1 drivers
v0x55fc1d5a9cc0_0 .net *"_ivl_9", 0 0, L_0x55fc1d5c56c0;  1 drivers
v0x55fc1d5a9da0_0 .net *"_ivl_92", 0 0, L_0x55fc1d5c7ff0;  1 drivers
v0x55fc1d5a9e80_0 .net *"_ivl_96", 0 0, L_0x55fc1d5c8160;  1 drivers
v0x55fc1d5a9f60_0 .net "a", 3 0, L_0x55fc1d5c8630;  1 drivers
v0x55fc1d5aa040_0 .net "b", 3 0, L_0x55fc1d5c87e0;  1 drivers
v0x55fc1d5aa120_0 .net "c0", 0 0, L_0x55fc1d5c6ae0;  1 drivers
v0x55fc1d5aa1e0_0 .net "c1", 0 0, L_0x55fc1d5c6ea0;  1 drivers
v0x55fc1d5aa2a0_0 .net "c2", 0 0, L_0x55fc1d5c7390;  1 drivers
v0x55fc1d5aa360_0 .net "c3", 0 0, L_0x55fc1d5c7d30;  1 drivers
v0x55fc1d5aa420_0 .net "cin", 0 0, L_0x55fc1d5c52e0;  1 drivers
v0x55fc1d5aa4e0_0 .net "cout", 0 0, L_0x55fc1d5c7f30;  1 drivers
v0x55fc1d5aa5a0_0 .net "g0", 0 0, L_0x55fc1d5c5f40;  1 drivers
v0x55fc1d5aa660_0 .net "g1", 0 0, L_0x55fc1d5c61b0;  1 drivers
v0x55fc1d5aa720_0 .net "g2", 0 0, L_0x55fc1d5c6140;  1 drivers
v0x55fc1d5aa7e0_0 .net "g3", 0 0, L_0x55fc1d5c6890;  1 drivers
v0x55fc1d5aa8a0_0 .net "p0", 0 0, L_0x55fc1d5c54c0;  1 drivers
v0x55fc1d5aa960_0 .net "p1", 0 0, L_0x55fc1d5c57e0;  1 drivers
v0x55fc1d5aaa20_0 .net "p2", 0 0, L_0x55fc1d5c5a30;  1 drivers
v0x55fc1d5aaae0_0 .net "p3", 0 0, L_0x55fc1d5c5d60;  1 drivers
v0x55fc1d5aaba0_0 .net "sum", 3 0, L_0x55fc1d5c71e0;  1 drivers
L_0x55fc1d5c5380 .part L_0x55fc1d5c8630, 0, 1;
L_0x55fc1d5c5420 .part L_0x55fc1d5c87e0, 0, 1;
L_0x55fc1d5c55d0 .part L_0x55fc1d5c8630, 1, 1;
L_0x55fc1d5c56c0 .part L_0x55fc1d5c87e0, 1, 1;
L_0x55fc1d5c58f0 .part L_0x55fc1d5c8630, 2, 1;
L_0x55fc1d5c5990 .part L_0x55fc1d5c87e0, 2, 1;
L_0x55fc1d5c5b40 .part L_0x55fc1d5c8630, 3, 1;
L_0x55fc1d5c5be0 .part L_0x55fc1d5c87e0, 3, 1;
L_0x55fc1d5c5e00 .part L_0x55fc1d5c8630, 0, 1;
L_0x55fc1d5c5ea0 .part L_0x55fc1d5c87e0, 0, 1;
L_0x55fc1d5c6000 .part L_0x55fc1d5c8630, 1, 1;
L_0x55fc1d5c60a0 .part L_0x55fc1d5c87e0, 1, 1;
L_0x55fc1d5c62c0 .part L_0x55fc1d5c8630, 2, 1;
L_0x55fc1d5c6360 .part L_0x55fc1d5c87e0, 2, 1;
L_0x55fc1d5c64a0 .part L_0x55fc1d5c8630, 3, 1;
L_0x55fc1d5c6650 .part L_0x55fc1d5c87e0, 3, 1;
L_0x55fc1d5c71e0 .concat8 [ 1 1 1 1], L_0x55fc1d5c7ff0, L_0x55fc1d5c8160, L_0x55fc1d5c8220, L_0x55fc1d5c8520;
S_0x55fc1d5aad20 .scope generate, "genblk1[28]" "genblk1[28]" 5 11, 5 11 0, S_0x55fc1d593660;
 .timescale 0 0;
P_0x55fc1d5aaed0 .param/l "i" 1 5 11, +C4<011100>;
S_0x55fc1d5aafb0 .scope module, "u1" "cla" 5 12, 6 1 0, S_0x55fc1d5aad20;
 .timescale 0 0;
    .port_info 0 /INPUT 4 "a";
    .port_info 1 /INPUT 4 "b";
    .port_info 2 /INPUT 1 "cin";
    .port_info 3 /OUTPUT 4 "sum";
    .port_info 4 /OUTPUT 1 "cout";
L_0x55fc1d5c8b80 .functor XOR 1, L_0x55fc1d5c8a40, L_0x55fc1d5c8ae0, C4<0>, C4<0>;
L_0x55fc1d5c8ea0 .functor XOR 1, L_0x55fc1d5c8c90, L_0x55fc1d5c8d80, C4<0>, C4<0>;
L_0x55fc1d5c90f0 .functor XOR 1, L_0x55fc1d5c8fb0, L_0x55fc1d5c9050, C4<0>, C4<0>;
L_0x55fc1d5c9390 .functor XOR 1, L_0x55fc1d5c9200, L_0x55fc1d5c92a0, C4<0>, C4<0>;
L_0x55fc1d5c9570 .functor AND 1, L_0x55fc1d5c9430, L_0x55fc1d5c94d0, C4<1>, C4<1>;
L_0x55fc1d5c97e0 .functor AND 1, L_0x55fc1d5c9630, L_0x55fc1d5c96d0, C4<1>, C4<1>;
L_0x55fc1d5c9770 .functor AND 1, L_0x55fc1d5c98f0, L_0x55fc1d5c9990, C4<1>, C4<1>;
L_0x55fc1d5c9ec0 .functor AND 1, L_0x55fc1d5c9ad0, L_0x55fc1d5c9c80, C4<1>, C4<1>;
L_0x55fc1d5ca050 .functor AND 1, L_0x55fc1d5c8b80, L_0x55fc1d5cb960, C4<1>, C4<1>;
L_0x55fc1d5ca110 .functor OR 1, L_0x55fc1d5c9570, L_0x55fc1d5ca050, C4<0>, C4<0>;
L_0x55fc1d5ca220 .functor AND 1, L_0x55fc1d5c8b80, L_0x55fc1d5cb960, C4<1>, C4<1>;
L_0x55fc1d5ca290 .functor OR 1, L_0x55fc1d5c9570, L_0x55fc1d5ca220, C4<0>, C4<0>;
L_0x55fc1d5ca3c0 .functor AND 1, L_0x55fc1d5c8ea0, L_0x55fc1d5ca290, C4<1>, C4<1>;
L_0x55fc1d5ca4d0 .functor OR 1, L_0x55fc1d5c97e0, L_0x55fc1d5ca3c0, C4<0>, C4<0>;
L_0x55fc1d5ca350 .functor AND 1, L_0x55fc1d5c8b80, L_0x55fc1d5cb960, C4<1>, C4<1>;
L_0x55fc1d5ca5e0 .functor OR 1, L_0x55fc1d5c9570, L_0x55fc1d5ca350, C4<0>, C4<0>;
L_0x55fc1d5ca6e0 .functor AND 1, L_0x55fc1d5c8ea0, L_0x55fc1d5ca5e0, C4<1>, C4<1>;
L_0x55fc1d5ca750 .functor OR 1, L_0x55fc1d5c97e0, L_0x55fc1d5ca6e0, C4<0>, C4<0>;
L_0x55fc1d5ca8b0 .functor AND 1, L_0x55fc1d5c90f0, L_0x55fc1d5ca750, C4<1>, C4<1>;
L_0x55fc1d5ca9c0 .functor OR 1, L_0x55fc1d5c9770, L_0x55fc1d5ca8b0, C4<0>, C4<0>;
L_0x55fc1d5cab80 .functor AND 1, L_0x55fc1d5c8b80, L_0x55fc1d5cb960, C4<1>, C4<1>;
L_0x55fc1d5cabf0 .functor OR 1, L_0x55fc1d5c9570, L_0x55fc1d5cab80, C4<0>, C4<0>;
L_0x55fc1d5caad0 .functor AND 1, L_0x55fc1d5c8ea0, L_0x55fc1d5cabf0, C4<1>, C4<1>;
L_0x55fc1d5cadb0 .functor OR 1, L_0x55fc1d5c97e0, L_0x55fc1d5caad0, C4<0>, C4<0>;
L_0x55fc1d5cac60 .functor AND 1, L_0x55fc1d5c90f0, L_0x55fc1d5cadb0, C4<1>, C4<1>;
L_0x55fc1d5caf80 .functor OR 1, L_0x55fc1d5c9770, L_0x55fc1d5cac60, C4<0>, C4<0>;
L_0x55fc1d5caeb0 .functor AND 1, L_0x55fc1d5c9390, L_0x55fc1d5caf80, C4<1>, C4<1>;
L_0x55fc1d5cb170 .functor OR 1, L_0x55fc1d5c9ec0, L_0x55fc1d5caeb0, C4<0>, C4<0>;
L_0x55fc1d5cb040 .functor BUFZ 1, L_0x55fc1d5cb170, C4<0>, C4<0>, C4<0>;
L_0x55fc1d5cb370 .functor XOR 1, L_0x55fc1d5c8b80, L_0x55fc1d5cb960, C4<0>, C4<0>;
L_0x55fc1d5cb280 .functor XOR 1, L_0x55fc1d5c8ea0, L_0x55fc1d5ca110, C4<0>, C4<0>;
L_0x55fc1d5cb4e0 .functor XOR 1, L_0x55fc1d5c90f0, L_0x55fc1d5ca4d0, C4<0>, C4<0>;
L_0x55fc1d5cb6f0 .functor XOR 1, L_0x55fc1d5c9390, L_0x55fc1d5ca9c0, C4<0>, C4<0>;
v0x55fc1d5ab240_0 .net *"_ivl_1", 0 0, L_0x55fc1d5c8a40;  1 drivers
v0x55fc1d5ab340_0 .net *"_ivl_100", 0 0, L_0x55fc1d5cb4e0;  1 drivers
v0x55fc1d5ab420_0 .net *"_ivl_105", 0 0, L_0x55fc1d5cb6f0;  1 drivers
v0x55fc1d5ab510_0 .net *"_ivl_13", 0 0, L_0x55fc1d5c8fb0;  1 drivers
v0x55fc1d5ab5f0_0 .net *"_ivl_15", 0 0, L_0x55fc1d5c9050;  1 drivers
v0x55fc1d5ab720_0 .net *"_ivl_19", 0 0, L_0x55fc1d5c9200;  1 drivers
v0x55fc1d5ab800_0 .net *"_ivl_21", 0 0, L_0x55fc1d5c92a0;  1 drivers
v0x55fc1d5ab8e0_0 .net *"_ivl_25", 0 0, L_0x55fc1d5c9430;  1 drivers
v0x55fc1d5ab9c0_0 .net *"_ivl_27", 0 0, L_0x55fc1d5c94d0;  1 drivers
v0x55fc1d5abaa0_0 .net *"_ivl_3", 0 0, L_0x55fc1d5c8ae0;  1 drivers
v0x55fc1d5abb80_0 .net *"_ivl_31", 0 0, L_0x55fc1d5c9630;  1 drivers
v0x55fc1d5abc60_0 .net *"_ivl_33", 0 0, L_0x55fc1d5c96d0;  1 drivers
v0x55fc1d5abd40_0 .net *"_ivl_37", 0 0, L_0x55fc1d5c98f0;  1 drivers
v0x55fc1d5abe20_0 .net *"_ivl_39", 0 0, L_0x55fc1d5c9990;  1 drivers
v0x55fc1d5abf00_0 .net *"_ivl_43", 0 0, L_0x55fc1d5c9ad0;  1 drivers
v0x55fc1d5abfe0_0 .net *"_ivl_45", 0 0, L_0x55fc1d5c9c80;  1 drivers
v0x55fc1d5ac0c0_0 .net *"_ivl_48", 0 0, L_0x55fc1d5ca050;  1 drivers
v0x55fc1d5ac1a0_0 .net *"_ivl_52", 0 0, L_0x55fc1d5ca220;  1 drivers
v0x55fc1d5ac280_0 .net *"_ivl_54", 0 0, L_0x55fc1d5ca290;  1 drivers
v0x55fc1d5ac360_0 .net *"_ivl_56", 0 0, L_0x55fc1d5ca3c0;  1 drivers
v0x55fc1d5ac440_0 .net *"_ivl_60", 0 0, L_0x55fc1d5ca350;  1 drivers
v0x55fc1d5ac520_0 .net *"_ivl_62", 0 0, L_0x55fc1d5ca5e0;  1 drivers
v0x55fc1d5ac600_0 .net *"_ivl_64", 0 0, L_0x55fc1d5ca6e0;  1 drivers
v0x55fc1d5ac6e0_0 .net *"_ivl_66", 0 0, L_0x55fc1d5ca750;  1 drivers
v0x55fc1d5ac7c0_0 .net *"_ivl_68", 0 0, L_0x55fc1d5ca8b0;  1 drivers
v0x55fc1d5ac8a0_0 .net *"_ivl_7", 0 0, L_0x55fc1d5c8c90;  1 drivers
v0x55fc1d5ac980_0 .net *"_ivl_72", 0 0, L_0x55fc1d5cab80;  1 drivers
v0x55fc1d5aca60_0 .net *"_ivl_74", 0 0, L_0x55fc1d5cabf0;  1 drivers
v0x55fc1d5acb40_0 .net *"_ivl_76", 0 0, L_0x55fc1d5caad0;  1 drivers
v0x55fc1d5acc20_0 .net *"_ivl_78", 0 0, L_0x55fc1d5cadb0;  1 drivers
v0x55fc1d5acd00_0 .net *"_ivl_80", 0 0, L_0x55fc1d5cac60;  1 drivers
v0x55fc1d5acde0_0 .net *"_ivl_82", 0 0, L_0x55fc1d5caf80;  1 drivers
v0x55fc1d5acec0_0 .net *"_ivl_84", 0 0, L_0x55fc1d5caeb0;  1 drivers
v0x55fc1d5ad1b0_0 .net *"_ivl_9", 0 0, L_0x55fc1d5c8d80;  1 drivers
v0x55fc1d5ad290_0 .net *"_ivl_92", 0 0, L_0x55fc1d5cb370;  1 drivers
v0x55fc1d5ad370_0 .net *"_ivl_96", 0 0, L_0x55fc1d5cb280;  1 drivers
v0x55fc1d5ad450_0 .net "a", 3 0, L_0x55fc1d5cb800;  1 drivers
v0x55fc1d5ad530_0 .net "b", 3 0, L_0x55fc1d5c8990;  1 drivers
v0x55fc1d5ad610_0 .net "c0", 0 0, L_0x55fc1d5ca110;  1 drivers
v0x55fc1d5ad6d0_0 .net "c1", 0 0, L_0x55fc1d5ca4d0;  1 drivers
v0x55fc1d5ad790_0 .net "c2", 0 0, L_0x55fc1d5ca9c0;  1 drivers
v0x55fc1d5ad850_0 .net "c3", 0 0, L_0x55fc1d5cb170;  1 drivers
v0x55fc1d5ad910_0 .net "cin", 0 0, L_0x55fc1d5cb960;  1 drivers
v0x55fc1d5ad9d0_0 .net "cout", 0 0, L_0x55fc1d5cb040;  1 drivers
v0x55fc1d5ada90_0 .net "g0", 0 0, L_0x55fc1d5c9570;  1 drivers
v0x55fc1d5adb50_0 .net "g1", 0 0, L_0x55fc1d5c97e0;  1 drivers
v0x55fc1d5adc10_0 .net "g2", 0 0, L_0x55fc1d5c9770;  1 drivers
v0x55fc1d5adcd0_0 .net "g3", 0 0, L_0x55fc1d5c9ec0;  1 drivers
v0x55fc1d5add90_0 .net "p0", 0 0, L_0x55fc1d5c8b80;  1 drivers
v0x55fc1d5ade50_0 .net "p1", 0 0, L_0x55fc1d5c8ea0;  1 drivers
v0x55fc1d5adf10_0 .net "p2", 0 0, L_0x55fc1d5c90f0;  1 drivers
v0x55fc1d5adfd0_0 .net "p3", 0 0, L_0x55fc1d5c9390;  1 drivers
v0x55fc1d5ae090_0 .net "sum", 3 0, L_0x55fc1d5ca810;  1 drivers
L_0x55fc1d5c8a40 .part L_0x55fc1d5cb800, 0, 1;
L_0x55fc1d5c8ae0 .part L_0x55fc1d5c8990, 0, 1;
L_0x55fc1d5c8c90 .part L_0x55fc1d5cb800, 1, 1;
L_0x55fc1d5c8d80 .part L_0x55fc1d5c8990, 1, 1;
L_0x55fc1d5c8fb0 .part L_0x55fc1d5cb800, 2, 1;
L_0x55fc1d5c9050 .part L_0x55fc1d5c8990, 2, 1;
L_0x55fc1d5c9200 .part L_0x55fc1d5cb800, 3, 1;
L_0x55fc1d5c92a0 .part L_0x55fc1d5c8990, 3, 1;
L_0x55fc1d5c9430 .part L_0x55fc1d5cb800, 0, 1;
L_0x55fc1d5c94d0 .part L_0x55fc1d5c8990, 0, 1;
L_0x55fc1d5c9630 .part L_0x55fc1d5cb800, 1, 1;
L_0x55fc1d5c96d0 .part L_0x55fc1d5c8990, 1, 1;
L_0x55fc1d5c98f0 .part L_0x55fc1d5cb800, 2, 1;
L_0x55fc1d5c9990 .part L_0x55fc1d5c8990, 2, 1;
L_0x55fc1d5c9ad0 .part L_0x55fc1d5cb800, 3, 1;
L_0x55fc1d5c9c80 .part L_0x55fc1d5c8990, 3, 1;
L_0x55fc1d5ca810 .concat8 [ 1 1 1 1], L_0x55fc1d5cb370, L_0x55fc1d5cb280, L_0x55fc1d5cb4e0, L_0x55fc1d5cb6f0;
    .scope S_0x55fc1d50ed10;
T_0 ;
    %vpi_call 4 9 "$dumpfile", "play.vcd" {0 0 0};
    %vpi_call 4 10 "$dumpvars", 32'sb00000000000000000000000000000000, S_0x55fc1d50ed10 {0 0 0};
    %pushi/vec4 0, 0, 32;
    %store/vec4 v0x55fc1d5ae7b0_0, 0, 32;
    %pushi/vec4 0, 0, 32;
    %store/vec4 v0x55fc1d5ae890_0, 0, 32;
    %delay 10, 0;
    %load/vec4 v0x55fc1d5ae7b0_0;
    %load/vec4 v0x55fc1d5ae890_0;
    %load/vec4 v0x55fc1d5aea60_0;
    %vpi_call 4 13 "$display", "%d + %d = %d , %b", S<2,vec4,s32>, S<1,vec4,s32>, S<0,vec4,s32>, v0x55fc1d5ae960_0 {3 0 0};
    %pushi/vec4 32, 0, 32;
    %store/vec4 v0x55fc1d5ae7b0_0, 0, 32;
    %pushi/vec4 61, 0, 32;
    %store/vec4 v0x55fc1d5ae890_0, 0, 32;
    %delay 10, 0;
    %load/vec4 v0x55fc1d5ae7b0_0;
    %load/vec4 v0x55fc1d5ae890_0;
    %load/vec4 v0x55fc1d5aea60_0;
    %vpi_call 4 15 "$display", "%d + %d = %d , %b", S<2,vec4,s32>, S<1,vec4,s32>, S<0,vec4,s32>, v0x55fc1d5ae960_0 {3 0 0};
    %pushi/vec4 90, 0, 32;
    %store/vec4 v0x55fc1d5ae7b0_0, 0, 32;
    %pushi/vec4 59, 0, 32;
    %store/vec4 v0x55fc1d5ae890_0, 0, 32;
    %delay 10, 0;
    %load/vec4 v0x55fc1d5ae7b0_0;
    %load/vec4 v0x55fc1d5ae890_0;
    %load/vec4 v0x55fc1d5aea60_0;
    %vpi_call 4 17 "$display", "%d + %d = %d , %b", S<2,vec4,s32>, S<1,vec4,s32>, S<0,vec4,s32>, v0x55fc1d5ae960_0 {3 0 0};
    %pushi/vec4 5, 0, 32;
    %store/vec4 v0x55fc1d5ae7b0_0, 0, 32;
    %pushi/vec4 4294967196, 0, 32;
    %store/vec4 v0x55fc1d5ae890_0, 0, 32;
    %delay 10, 0;
    %load/vec4 v0x55fc1d5ae7b0_0;
    %load/vec4 v0x55fc1d5ae890_0;
    %load/vec4 v0x55fc1d5aea60_0;
    %vpi_call 4 19 "$display", "%d + %d = %d , %b", S<2,vec4,s32>, S<1,vec4,s32>, S<0,vec4,s32>, v0x55fc1d5ae960_0 {3 0 0};
    %pushi/vec4 4294967295, 0, 32;
    %store/vec4 v0x55fc1d5ae7b0_0, 0, 32;
    %pushi/vec4 122, 0, 32;
    %store/vec4 v0x55fc1d5ae890_0, 0, 32;
    %delay 10, 0;
    %load/vec4 v0x55fc1d5ae7b0_0;
    %load/vec4 v0x55fc1d5ae890_0;
    %load/vec4 v0x55fc1d5aea60_0;
    %vpi_call 4 21 "$display", "%d + %d = %d , %b", S<2,vec4,s32>, S<1,vec4,s32>, S<0,vec4,s32>, v0x55fc1d5ae960_0 {3 0 0};
    %delay 10, 0;
    %vpi_call 4 24 "$finish" {0 0 0};
    %end;
    .thread T_0;
# The file index is used to find the file name in the following table.
:file_names 7;
    "N/A";
    "<interactive>";
    "rca_add.v";
    "rca.v";
    "add_tb.v";
    "cla_add.v";
    "cla.v";
